2022-11-11 21:39:29,589:INFO: Loading the datasets...
2022-11-11 21:40:47,110:INFO: Loading the datasets...
2022-11-11 21:40:47,169:INFO: Dataloading done.
2022-11-11 21:40:54,154:INFO: Starting training for 100 epoch(s)
2022-11-11 21:40:54,155:INFO: 
Epoch 1/100
2022-11-11 21:42:58,734:INFO: - Train metrics: accuracy: 0.052 ; loss: 3.614
2022-11-11 21:42:58,734:INFO: Evaluating on validation set
2022-11-11 21:43:07,878:INFO: - Eval metrics : accuracy: 0.051 ; loss: 6.305
2022-11-11 21:43:08,631:INFO: - Found new best accuracy
2022-11-11 21:43:08,632:INFO: 
Epoch 2/100
2022-11-11 21:45:17,702:INFO: - Train metrics: accuracy: 0.084 ; loss: 3.489
2022-11-11 21:45:17,703:INFO: Evaluating on validation set
2022-11-11 21:45:26,853:INFO: - Eval metrics : accuracy: 0.062 ; loss: 3.511
2022-11-11 21:45:27,608:INFO: - Found new best accuracy
2022-11-11 21:45:27,609:INFO: 
Epoch 3/100
2022-11-11 21:47:37,230:INFO: - Train metrics: accuracy: 0.071 ; loss: 3.512
2022-11-11 21:47:37,230:INFO: Evaluating on validation set
2022-11-11 21:47:46,433:INFO: - Eval metrics : accuracy: 0.048 ; loss: 4.222
2022-11-11 21:47:46,876:INFO: 
Epoch 4/100
2022-11-11 21:49:56,904:INFO: - Train metrics: accuracy: 0.107 ; loss: 3.415
2022-11-11 21:49:56,905:INFO: Evaluating on validation set
2022-11-11 21:50:06,121:INFO: - Eval metrics : accuracy: 0.092 ; loss: 3.524
2022-11-11 21:50:06,870:INFO: - Found new best accuracy
2022-11-11 21:50:06,871:INFO: 
Epoch 5/100
2022-11-11 21:52:16,540:INFO: - Train metrics: accuracy: 0.091 ; loss: 3.435
2022-11-11 21:52:16,540:INFO: Evaluating on validation set
2022-11-11 21:52:25,741:INFO: - Eval metrics : accuracy: 0.092 ; loss: 3.846
2022-11-11 21:52:26,497:INFO: - Found new best accuracy
2022-11-11 21:52:26,498:INFO: 
Epoch 6/100
2022-11-11 21:54:36,529:INFO: - Train metrics: accuracy: 0.101 ; loss: 3.370
2022-11-11 21:54:36,530:INFO: Evaluating on validation set
2022-11-11 21:54:45,766:INFO: - Eval metrics : accuracy: 0.088 ; loss: 3.674
2022-11-11 21:54:46,169:INFO: 
Epoch 7/100
2022-11-11 21:56:56,134:INFO: - Train metrics: accuracy: 0.107 ; loss: 3.309
2022-11-11 21:56:56,135:INFO: Evaluating on validation set
2022-11-11 21:57:05,397:INFO: - Eval metrics : accuracy: 0.095 ; loss: 3.399
2022-11-11 21:57:06,159:INFO: - Found new best accuracy
2022-11-11 21:57:06,160:INFO: 
Epoch 8/100
2022-11-11 21:59:15,936:INFO: - Train metrics: accuracy: 0.133 ; loss: 3.231
2022-11-11 21:59:15,937:INFO: Evaluating on validation set
2022-11-11 21:59:25,177:INFO: - Eval metrics : accuracy: 0.097 ; loss: 3.307
2022-11-11 21:59:25,900:INFO: - Found new best accuracy
2022-11-11 21:59:25,901:INFO: 
Epoch 9/100
2022-11-11 22:01:35,952:INFO: - Train metrics: accuracy: 0.143 ; loss: 3.167
2022-11-11 22:01:35,953:INFO: Evaluating on validation set
2022-11-11 22:01:45,193:INFO: - Eval metrics : accuracy: 0.126 ; loss: 3.260
2022-11-11 22:01:45,920:INFO: - Found new best accuracy
2022-11-11 22:01:45,921:INFO: 
Epoch 10/100
2022-11-11 22:03:56,106:INFO: - Train metrics: accuracy: 0.195 ; loss: 2.955
2022-11-11 22:03:56,106:INFO: Evaluating on validation set
2022-11-11 22:04:05,386:INFO: - Eval metrics : accuracy: 0.104 ; loss: 4.559
2022-11-11 22:04:05,782:INFO: 
Epoch 11/100
2022-11-11 22:06:15,745:INFO: - Train metrics: accuracy: 0.169 ; loss: 3.000
2022-11-11 22:06:15,745:INFO: Evaluating on validation set
2022-11-11 22:06:25,008:INFO: - Eval metrics : accuracy: 0.112 ; loss: 3.455
2022-11-11 22:06:25,407:INFO: 
Epoch 12/100
2022-11-11 22:08:35,396:INFO: - Train metrics: accuracy: 0.185 ; loss: 2.896
2022-11-11 22:08:35,396:INFO: Evaluating on validation set
2022-11-11 22:08:44,692:INFO: - Eval metrics : accuracy: 0.085 ; loss: 3.850
2022-11-11 22:08:45,120:INFO: 
Epoch 13/100
2022-11-11 22:10:55,125:INFO: - Train metrics: accuracy: 0.214 ; loss: 2.777
2022-11-11 22:10:55,126:INFO: Evaluating on validation set
2022-11-11 22:11:04,395:INFO: - Eval metrics : accuracy: 0.165 ; loss: 3.211
2022-11-11 22:11:05,138:INFO: - Found new best accuracy
2022-11-11 22:11:05,139:INFO: 
Epoch 14/100
2022-11-11 22:13:15,473:INFO: - Train metrics: accuracy: 0.214 ; loss: 2.745
2022-11-11 22:13:15,474:INFO: Evaluating on validation set
2022-11-11 22:13:24,774:INFO: - Eval metrics : accuracy: 0.181 ; loss: 3.146
2022-11-11 22:13:25,524:INFO: - Found new best accuracy
2022-11-11 22:13:25,526:INFO: 
Epoch 15/100
2022-11-11 22:15:35,869:INFO: - Train metrics: accuracy: 0.234 ; loss: 2.801
2022-11-11 22:15:35,870:INFO: Evaluating on validation set
2022-11-11 22:15:45,127:INFO: - Eval metrics : accuracy: 0.189 ; loss: 3.212
2022-11-11 22:15:45,892:INFO: - Found new best accuracy
2022-11-11 22:15:45,893:INFO: 
Epoch 16/100
2022-11-11 22:17:56,261:INFO: - Train metrics: accuracy: 0.214 ; loss: 2.716
2022-11-11 22:17:56,261:INFO: Evaluating on validation set
2022-11-11 22:18:05,555:INFO: - Eval metrics : accuracy: 0.161 ; loss: 3.241
2022-11-11 22:18:05,959:INFO: 
Epoch 17/100
2022-11-11 22:20:16,049:INFO: - Train metrics: accuracy: 0.282 ; loss: 2.666
2022-11-11 22:20:16,050:INFO: Evaluating on validation set
2022-11-11 22:20:25,333:INFO: - Eval metrics : accuracy: 0.146 ; loss: 3.235
2022-11-11 22:20:25,774:INFO: 
Epoch 18/100
2022-11-11 22:22:35,907:INFO: - Train metrics: accuracy: 0.286 ; loss: 2.539
2022-11-11 22:22:35,907:INFO: Evaluating on validation set
2022-11-11 22:22:45,134:INFO: - Eval metrics : accuracy: 0.150 ; loss: 3.476
2022-11-11 22:22:45,541:INFO: 
Epoch 19/100
2022-11-11 22:24:55,559:INFO: - Train metrics: accuracy: 0.299 ; loss: 2.491
2022-11-11 22:24:55,560:INFO: Evaluating on validation set
2022-11-11 22:25:04,821:INFO: - Eval metrics : accuracy: 0.166 ; loss: 3.282
2022-11-11 22:25:05,275:INFO: 
Epoch 20/100
2022-11-11 22:27:15,296:INFO: - Train metrics: accuracy: 0.292 ; loss: 2.508
2022-11-11 22:27:15,296:INFO: Evaluating on validation set
2022-11-11 22:27:24,602:INFO: - Eval metrics : accuracy: 0.138 ; loss: 3.527
2022-11-11 22:27:25,015:INFO: 
Epoch 21/100
2022-11-11 22:29:35,222:INFO: - Train metrics: accuracy: 0.302 ; loss: 2.384
2022-11-11 22:29:35,222:INFO: Evaluating on validation set
2022-11-11 22:29:44,485:INFO: - Eval metrics : accuracy: 0.175 ; loss: 3.738
2022-11-11 22:29:44,909:INFO: 
Epoch 22/100
2022-11-11 22:31:55,076:INFO: - Train metrics: accuracy: 0.360 ; loss: 2.316
2022-11-11 22:31:55,076:INFO: Evaluating on validation set
2022-11-11 22:32:04,377:INFO: - Eval metrics : accuracy: 0.193 ; loss: 3.177
2022-11-11 22:32:05,131:INFO: - Found new best accuracy
2022-11-11 22:32:05,132:INFO: 
Epoch 23/100
2022-11-11 22:34:14,929:INFO: - Train metrics: accuracy: 0.344 ; loss: 2.321
2022-11-11 22:34:14,929:INFO: Evaluating on validation set
2022-11-11 22:34:24,189:INFO: - Eval metrics : accuracy: 0.171 ; loss: 3.249
2022-11-11 22:34:24,630:INFO: 
Epoch 24/100
2022-11-11 22:36:34,824:INFO: - Train metrics: accuracy: 0.357 ; loss: 2.183
2022-11-11 22:36:34,824:INFO: Evaluating on validation set
2022-11-11 22:36:44,034:INFO: - Eval metrics : accuracy: 0.194 ; loss: 3.866
2022-11-11 22:36:44,854:INFO: - Found new best accuracy
2022-11-11 22:36:44,855:INFO: 
Epoch 25/100
2022-11-11 22:38:54,899:INFO: - Train metrics: accuracy: 0.305 ; loss: 2.245
2022-11-11 22:38:54,900:INFO: Evaluating on validation set
2022-11-11 22:39:04,131:INFO: - Eval metrics : accuracy: 0.215 ; loss: 3.074
2022-11-11 22:39:04,896:INFO: - Found new best accuracy
2022-11-11 22:39:04,897:INFO: 
Epoch 26/100
2022-11-11 22:41:15,116:INFO: - Train metrics: accuracy: 0.373 ; loss: 2.115
2022-11-11 22:41:15,116:INFO: Evaluating on validation set
2022-11-11 22:41:24,421:INFO: - Eval metrics : accuracy: 0.181 ; loss: 3.425
2022-11-11 22:41:24,862:INFO: 
Epoch 27/100
2022-11-11 22:43:35,061:INFO: - Train metrics: accuracy: 0.429 ; loss: 1.948
2022-11-11 22:43:35,062:INFO: Evaluating on validation set
2022-11-11 22:43:44,386:INFO: - Eval metrics : accuracy: 0.303 ; loss: 2.579
2022-11-11 22:43:45,166:INFO: - Found new best accuracy
2022-11-11 22:43:45,167:INFO: 
Epoch 28/100
