2022-11-20 07:18:09,222:INFO: Loading the datasets...
2022-11-20 07:18:09,282:INFO: Dataloading done.
2022-11-20 07:18:12,914:INFO: Using non-KD mode: regular training of the baseline ResNet-18/50 models
2022-11-20 07:18:12,914:INFO: Starting training for 100 epoch(s)
2022-11-20 07:18:12,916:INFO: 
Epoch 1/100
2022-11-20 07:18:40,369:INFO: - Train metrics: accuracy: 0.049 ; loss: 4.108
2022-11-20 07:18:40,370:INFO: Evaluating on validation set
2022-11-20 07:18:45,576:INFO: - Eval metrics : accuracy: 0.074 ; loss: 3.530
2022-11-20 07:18:45,784:INFO: - Found new best accuracy
2022-11-20 07:18:45,785:INFO: 
Epoch 2/100
2022-11-20 07:19:13,477:INFO: - Train metrics: accuracy: 0.112 ; loss: 3.393
2022-11-20 07:19:13,478:INFO: Evaluating on validation set
2022-11-20 07:19:18,686:INFO: - Eval metrics : accuracy: 0.198 ; loss: 2.870
2022-11-20 07:19:19,448:INFO: - Found new best accuracy
2022-11-20 07:19:19,525:INFO: 
Epoch 3/100
2022-11-20 07:19:46,901:INFO: - Train metrics: accuracy: 0.177 ; loss: 2.990
2022-11-20 07:19:46,901:INFO: Evaluating on validation set
2022-11-20 07:19:52,165:INFO: - Eval metrics : accuracy: 0.345 ; loss: 2.296
2022-11-20 07:19:52,923:INFO: - Found new best accuracy
2022-11-20 07:19:52,924:INFO: 
Epoch 4/100
2022-11-20 07:20:21,635:INFO: - Train metrics: accuracy: 0.286 ; loss: 2.518
2022-11-20 07:20:21,636:INFO: Evaluating on validation set
2022-11-20 07:20:26,797:INFO: - Eval metrics : accuracy: 0.473 ; loss: 1.775
2022-11-20 07:20:27,557:INFO: - Found new best accuracy
2022-11-20 07:20:27,558:INFO: 
Epoch 5/100
2022-11-20 07:20:55,335:INFO: - Train metrics: accuracy: 0.344 ; loss: 2.328
2022-11-20 07:20:55,336:INFO: Evaluating on validation set
2022-11-20 07:21:00,525:INFO: - Eval metrics : accuracy: 0.548 ; loss: 1.498
2022-11-20 07:21:01,285:INFO: - Found new best accuracy
2022-11-20 07:21:01,286:INFO: 
Epoch 6/100
2022-11-20 07:21:29,007:INFO: - Train metrics: accuracy: 0.451 ; loss: 1.992
2022-11-20 07:21:29,007:INFO: Evaluating on validation set
2022-11-20 07:21:34,211:INFO: - Eval metrics : accuracy: 0.622 ; loss: 1.307
2022-11-20 07:21:34,932:INFO: - Found new best accuracy
2022-11-20 07:21:34,933:INFO: 
Epoch 7/100
2022-11-20 07:22:02,304:INFO: - Train metrics: accuracy: 0.469 ; loss: 1.785
2022-11-20 07:22:02,305:INFO: Evaluating on validation set
2022-11-20 07:22:07,483:INFO: - Eval metrics : accuracy: 0.651 ; loss: 1.167
2022-11-20 07:22:08,245:INFO: - Found new best accuracy
2022-11-20 07:22:08,246:INFO: 
Epoch 8/100
2022-11-20 07:22:35,663:INFO: - Train metrics: accuracy: 0.536 ; loss: 1.583
2022-11-20 07:22:35,664:INFO: Evaluating on validation set
2022-11-20 07:22:40,738:INFO: - Eval metrics : accuracy: 0.697 ; loss: 1.058
2022-11-20 07:22:41,519:INFO: - Found new best accuracy
2022-11-20 07:22:41,521:INFO: 
Epoch 9/100
2022-11-20 07:23:08,619:INFO: - Train metrics: accuracy: 0.578 ; loss: 1.489
2022-11-20 07:23:08,620:INFO: Evaluating on validation set
2022-11-20 07:23:13,725:INFO: - Eval metrics : accuracy: 0.704 ; loss: 1.026
2022-11-20 07:23:14,461:INFO: - Found new best accuracy
2022-11-20 07:23:14,462:INFO: 
Epoch 10/100
2022-11-20 07:23:41,518:INFO: - Train metrics: accuracy: 0.612 ; loss: 1.364
2022-11-20 07:23:41,518:INFO: Evaluating on validation set
2022-11-20 07:23:46,609:INFO: - Eval metrics : accuracy: 0.697 ; loss: 0.997
2022-11-20 07:23:47,034:INFO: 
Epoch 11/100
2022-11-20 07:24:14,768:INFO: - Train metrics: accuracy: 0.630 ; loss: 1.249
2022-11-20 07:24:14,768:INFO: Evaluating on validation set
2022-11-20 07:24:19,906:INFO: - Eval metrics : accuracy: 0.742 ; loss: 0.908
2022-11-20 07:24:20,663:INFO: - Found new best accuracy
2022-11-20 07:24:20,664:INFO: 
Epoch 12/100
2022-11-20 07:24:47,753:INFO: - Train metrics: accuracy: 0.641 ; loss: 1.221
2022-11-20 07:24:47,753:INFO: Evaluating on validation set
2022-11-20 07:24:52,860:INFO: - Eval metrics : accuracy: 0.742 ; loss: 0.847
2022-11-20 07:24:53,268:INFO: 
Epoch 13/100
2022-11-20 07:25:20,531:INFO: - Train metrics: accuracy: 0.677 ; loss: 1.144
2022-11-20 07:25:20,531:INFO: Evaluating on validation set
2022-11-20 07:25:25,595:INFO: - Eval metrics : accuracy: 0.726 ; loss: 0.891
2022-11-20 07:25:26,032:INFO: 
Epoch 14/100
2022-11-20 07:25:53,210:INFO: - Train metrics: accuracy: 0.701 ; loss: 1.065
2022-11-20 07:25:53,210:INFO: Evaluating on validation set
2022-11-20 07:25:58,343:INFO: - Eval metrics : accuracy: 0.747 ; loss: 0.823
2022-11-20 07:25:59,084:INFO: - Found new best accuracy
2022-11-20 07:25:59,085:INFO: 
Epoch 15/100
2022-11-20 07:26:26,375:INFO: - Train metrics: accuracy: 0.643 ; loss: 1.115
2022-11-20 07:26:26,375:INFO: Evaluating on validation set
2022-11-20 07:26:31,542:INFO: - Eval metrics : accuracy: 0.747 ; loss: 0.789
2022-11-20 07:26:31,957:INFO: 
Epoch 16/100
2022-11-20 07:26:59,325:INFO: - Train metrics: accuracy: 0.703 ; loss: 1.020
2022-11-20 07:26:59,325:INFO: Evaluating on validation set
2022-11-20 07:27:04,540:INFO: - Eval metrics : accuracy: 0.769 ; loss: 0.749
2022-11-20 07:27:05,328:INFO: - Found new best accuracy
2022-11-20 07:27:05,329:INFO: 
Epoch 17/100
2022-11-20 07:27:32,402:INFO: - Train metrics: accuracy: 0.693 ; loss: 1.020
2022-11-20 07:27:32,402:INFO: Evaluating on validation set
2022-11-20 07:27:37,511:INFO: - Eval metrics : accuracy: 0.773 ; loss: 0.732
2022-11-20 07:27:38,272:INFO: - Found new best accuracy
2022-11-20 07:27:38,273:INFO: 
Epoch 18/100
2022-11-20 07:28:05,757:INFO: - Train metrics: accuracy: 0.745 ; loss: 0.942
2022-11-20 07:28:05,757:INFO: Evaluating on validation set
2022-11-20 07:28:10,891:INFO: - Eval metrics : accuracy: 0.753 ; loss: 0.742
2022-11-20 07:28:11,285:INFO: 
Epoch 19/100
2022-11-20 07:28:38,601:INFO: - Train metrics: accuracy: 0.714 ; loss: 0.982
2022-11-20 07:28:38,601:INFO: Evaluating on validation set
2022-11-20 07:28:43,713:INFO: - Eval metrics : accuracy: 0.766 ; loss: 0.731
2022-11-20 07:28:44,149:INFO: 
Epoch 20/100
2022-11-20 07:29:11,851:INFO: - Train metrics: accuracy: 0.716 ; loss: 0.959
2022-11-20 07:29:11,852:INFO: Evaluating on validation set
2022-11-20 07:29:17,058:INFO: - Eval metrics : accuracy: 0.767 ; loss: 0.707
2022-11-20 07:29:17,465:INFO: 
Epoch 21/100
2022-11-20 07:29:45,161:INFO: - Train metrics: accuracy: 0.755 ; loss: 0.843
2022-11-20 07:29:45,162:INFO: Evaluating on validation set
2022-11-20 07:29:50,391:INFO: - Eval metrics : accuracy: 0.759 ; loss: 0.698
2022-11-20 07:29:50,793:INFO: 
Epoch 22/100
2022-11-20 07:30:18,602:INFO: - Train metrics: accuracy: 0.740 ; loss: 0.918
2022-11-20 07:30:18,602:INFO: Evaluating on validation set
2022-11-20 07:30:23,869:INFO: - Eval metrics : accuracy: 0.786 ; loss: 0.666
2022-11-20 07:30:24,592:INFO: - Found new best accuracy
2022-11-20 07:30:24,593:INFO: 
Epoch 23/100
2022-11-20 07:30:52,278:INFO: - Train metrics: accuracy: 0.732 ; loss: 0.800
2022-11-20 07:30:52,279:INFO: Evaluating on validation set
2022-11-20 07:30:57,622:INFO: - Eval metrics : accuracy: 0.776 ; loss: 0.691
2022-11-20 07:30:58,055:INFO: 
Epoch 24/100
2022-11-20 07:31:25,676:INFO: - Train metrics: accuracy: 0.729 ; loss: 0.866
2022-11-20 07:31:25,677:INFO: Evaluating on validation set
2022-11-20 07:31:30,959:INFO: - Eval metrics : accuracy: 0.784 ; loss: 0.659
2022-11-20 07:31:31,389:INFO: 
Epoch 25/100
2022-11-20 07:31:58,966:INFO: - Train metrics: accuracy: 0.786 ; loss: 0.751
2022-11-20 07:31:58,967:INFO: Evaluating on validation set
2022-11-20 07:32:04,341:INFO: - Eval metrics : accuracy: 0.791 ; loss: 0.661
2022-11-20 07:32:05,180:INFO: - Found new best accuracy
2022-11-20 07:32:05,181:INFO: 
Epoch 26/100
2022-11-20 07:32:32,828:INFO: - Train metrics: accuracy: 0.823 ; loss: 0.654
2022-11-20 07:32:32,828:INFO: Evaluating on validation set
2022-11-20 07:32:37,971:INFO: - Eval metrics : accuracy: 0.794 ; loss: 0.622
2022-11-20 07:32:38,733:INFO: - Found new best accuracy
2022-11-20 07:32:38,734:INFO: 
Epoch 27/100
2022-11-20 07:33:06,418:INFO: - Train metrics: accuracy: 0.753 ; loss: 0.780
2022-11-20 07:33:06,419:INFO: Evaluating on validation set
2022-11-20 07:33:11,746:INFO: - Eval metrics : accuracy: 0.800 ; loss: 0.612
2022-11-20 07:33:12,586:INFO: - Found new best accuracy
2022-11-20 07:33:12,593:INFO: 
Epoch 28/100
2022-11-20 07:33:40,687:INFO: - Train metrics: accuracy: 0.784 ; loss: 0.699
2022-11-20 07:33:40,688:INFO: Evaluating on validation set
2022-11-20 07:33:45,824:INFO: - Eval metrics : accuracy: 0.800 ; loss: 0.614
2022-11-20 07:33:46,605:INFO: - Found new best accuracy
2022-11-20 07:33:46,607:INFO: 
Epoch 29/100
2022-11-20 07:34:14,349:INFO: - Train metrics: accuracy: 0.815 ; loss: 0.663
2022-11-20 07:34:14,349:INFO: Evaluating on validation set
2022-11-20 07:34:19,446:INFO: - Eval metrics : accuracy: 0.786 ; loss: 0.633
2022-11-20 07:34:19,891:INFO: 
Epoch 30/100
2022-11-20 07:34:47,342:INFO: - Train metrics: accuracy: 0.826 ; loss: 0.622
2022-11-20 07:34:47,343:INFO: Evaluating on validation set
2022-11-20 07:34:52,605:INFO: - Eval metrics : accuracy: 0.803 ; loss: 0.589
2022-11-20 07:34:53,377:INFO: - Found new best accuracy
2022-11-20 07:34:53,378:INFO: 
Epoch 31/100
2022-11-20 07:35:21,186:INFO: - Train metrics: accuracy: 0.794 ; loss: 0.697
2022-11-20 07:35:21,186:INFO: Evaluating on validation set
2022-11-20 07:35:26,422:INFO: - Eval metrics : accuracy: 0.797 ; loss: 0.615
2022-11-20 07:35:26,835:INFO: 
Epoch 32/100
2022-11-20 07:35:54,597:INFO: - Train metrics: accuracy: 0.823 ; loss: 0.601
2022-11-20 07:35:54,598:INFO: Evaluating on validation set
2022-11-20 07:35:59,833:INFO: - Eval metrics : accuracy: 0.793 ; loss: 0.603
2022-11-20 07:36:00,216:INFO: 
Epoch 33/100
2022-11-20 07:36:27,805:INFO: - Train metrics: accuracy: 0.828 ; loss: 0.598
2022-11-20 07:36:27,805:INFO: Evaluating on validation set
2022-11-20 07:36:32,972:INFO: - Eval metrics : accuracy: 0.810 ; loss: 0.589
2022-11-20 07:36:33,828:INFO: - Found new best accuracy
2022-11-20 07:36:33,829:INFO: 
Epoch 34/100
2022-11-20 07:37:01,293:INFO: - Train metrics: accuracy: 0.805 ; loss: 0.638
2022-11-20 07:37:01,294:INFO: Evaluating on validation set
2022-11-20 07:37:06,585:INFO: - Eval metrics : accuracy: 0.808 ; loss: 0.577
2022-11-20 07:37:06,966:INFO: 
Epoch 35/100
2022-11-20 07:37:34,750:INFO: - Train metrics: accuracy: 0.833 ; loss: 0.577
2022-11-20 07:37:34,751:INFO: Evaluating on validation set
2022-11-20 07:37:39,927:INFO: - Eval metrics : accuracy: 0.819 ; loss: 0.568
2022-11-20 07:37:40,743:INFO: - Found new best accuracy
2022-11-20 07:37:40,744:INFO: 
Epoch 36/100
2022-11-20 07:38:08,135:INFO: - Train metrics: accuracy: 0.852 ; loss: 0.580
2022-11-20 07:38:08,136:INFO: Evaluating on validation set
2022-11-20 07:38:13,273:INFO: - Eval metrics : accuracy: 0.815 ; loss: 0.551
2022-11-20 07:38:13,699:INFO: 
Epoch 37/100
2022-11-20 07:38:40,920:INFO: - Train metrics: accuracy: 0.812 ; loss: 0.596
2022-11-20 07:38:40,920:INFO: Evaluating on validation set
2022-11-20 07:38:46,002:INFO: - Eval metrics : accuracy: 0.818 ; loss: 0.564
2022-11-20 07:38:46,433:INFO: 
Epoch 38/100
2022-11-20 07:39:13,762:INFO: - Train metrics: accuracy: 0.854 ; loss: 0.496
2022-11-20 07:39:13,762:INFO: Evaluating on validation set
2022-11-20 07:39:18,787:INFO: - Eval metrics : accuracy: 0.806 ; loss: 0.560
2022-11-20 07:39:19,214:INFO: 
Epoch 39/100
2022-11-20 07:39:46,507:INFO: - Train metrics: accuracy: 0.846 ; loss: 0.566
2022-11-20 07:39:46,507:INFO: Evaluating on validation set
2022-11-20 07:39:51,754:INFO: - Eval metrics : accuracy: 0.821 ; loss: 0.561
2022-11-20 07:39:52,508:INFO: - Found new best accuracy
2022-11-20 07:39:52,510:INFO: 
Epoch 40/100
2022-11-20 07:40:19,852:INFO: - Train metrics: accuracy: 0.841 ; loss: 0.565
2022-11-20 07:40:19,853:INFO: Evaluating on validation set
2022-11-20 07:40:24,924:INFO: - Eval metrics : accuracy: 0.817 ; loss: 0.543
2022-11-20 07:40:25,341:INFO: 
Epoch 41/100
2022-11-20 07:40:52,528:INFO: - Train metrics: accuracy: 0.878 ; loss: 0.507
2022-11-20 07:40:52,528:INFO: Evaluating on validation set
2022-11-20 07:40:57,587:INFO: - Eval metrics : accuracy: 0.810 ; loss: 0.568
2022-11-20 07:40:57,990:INFO: 
Epoch 42/100
2022-11-20 07:41:25,256:INFO: - Train metrics: accuracy: 0.826 ; loss: 0.573
2022-11-20 07:41:25,257:INFO: Evaluating on validation set
2022-11-20 07:41:30,302:INFO: - Eval metrics : accuracy: 0.830 ; loss: 0.538
2022-11-20 07:41:31,131:INFO: - Found new best accuracy
2022-11-20 07:41:31,132:INFO: 
Epoch 43/100
2022-11-20 07:41:58,399:INFO: - Train metrics: accuracy: 0.857 ; loss: 0.521
2022-11-20 07:41:58,399:INFO: Evaluating on validation set
2022-11-20 07:42:03,562:INFO: - Eval metrics : accuracy: 0.826 ; loss: 0.558
2022-11-20 07:42:03,956:INFO: 
Epoch 44/100
2022-11-20 07:42:30,887:INFO: - Train metrics: accuracy: 0.831 ; loss: 0.510
2022-11-20 07:42:30,887:INFO: Evaluating on validation set
2022-11-20 07:42:35,926:INFO: - Eval metrics : accuracy: 0.842 ; loss: 0.532
2022-11-20 07:42:36,790:INFO: - Found new best accuracy
2022-11-20 07:42:36,791:INFO: 
Epoch 45/100
2022-11-20 07:43:04,741:INFO: - Train metrics: accuracy: 0.844 ; loss: 0.513
2022-11-20 07:43:04,742:INFO: Evaluating on validation set
2022-11-20 07:43:09,903:INFO: - Eval metrics : accuracy: 0.816 ; loss: 0.562
2022-11-20 07:43:10,286:INFO: 
Epoch 46/100
2022-11-20 07:43:37,266:INFO: - Train metrics: accuracy: 0.862 ; loss: 0.471
2022-11-20 07:43:37,266:INFO: Evaluating on validation set
2022-11-20 07:43:42,360:INFO: - Eval metrics : accuracy: 0.820 ; loss: 0.541
2022-11-20 07:43:42,769:INFO: 
Epoch 47/100
2022-11-20 07:44:10,165:INFO: - Train metrics: accuracy: 0.846 ; loss: 0.494
2022-11-20 07:44:10,166:INFO: Evaluating on validation set
2022-11-20 07:44:15,234:INFO: - Eval metrics : accuracy: 0.816 ; loss: 0.565
2022-11-20 07:44:15,678:INFO: 
Epoch 48/100
2022-11-20 07:44:42,945:INFO: - Train metrics: accuracy: 0.875 ; loss: 0.481
2022-11-20 07:44:42,945:INFO: Evaluating on validation set
2022-11-20 07:44:48,082:INFO: - Eval metrics : accuracy: 0.822 ; loss: 0.517
2022-11-20 07:44:48,491:INFO: 
Epoch 49/100
2022-11-20 07:45:15,821:INFO: - Train metrics: accuracy: 0.880 ; loss: 0.438
2022-11-20 07:45:15,821:INFO: Evaluating on validation set
2022-11-20 07:45:20,949:INFO: - Eval metrics : accuracy: 0.820 ; loss: 0.544
2022-11-20 07:45:21,375:INFO: 
Epoch 50/100
2022-11-20 07:45:48,701:INFO: - Train metrics: accuracy: 0.862 ; loss: 0.449
2022-11-20 07:45:48,702:INFO: Evaluating on validation set
2022-11-20 07:45:53,851:INFO: - Eval metrics : accuracy: 0.822 ; loss: 0.534
2022-11-20 07:45:54,256:INFO: 
Epoch 51/100
2022-11-20 07:46:21,618:INFO: - Train metrics: accuracy: 0.898 ; loss: 0.388
2022-11-20 07:46:21,618:INFO: Evaluating on validation set
2022-11-20 07:46:26,800:INFO: - Eval metrics : accuracy: 0.817 ; loss: 0.541
2022-11-20 07:46:27,202:INFO: 
Epoch 52/100
2022-11-20 07:46:54,401:INFO: - Train metrics: accuracy: 0.872 ; loss: 0.441
2022-11-20 07:46:54,401:INFO: Evaluating on validation set
2022-11-20 07:46:59,500:INFO: - Eval metrics : accuracy: 0.839 ; loss: 0.505
2022-11-20 07:46:59,889:INFO: 
Epoch 53/100
2022-11-20 07:47:27,199:INFO: - Train metrics: accuracy: 0.885 ; loss: 0.425
2022-11-20 07:47:27,200:INFO: Evaluating on validation set
2022-11-20 07:47:32,302:INFO: - Eval metrics : accuracy: 0.814 ; loss: 0.532
2022-11-20 07:47:32,723:INFO: 
Epoch 54/100
2022-11-20 07:48:00,235:INFO: - Train metrics: accuracy: 0.878 ; loss: 0.408
2022-11-20 07:48:00,235:INFO: Evaluating on validation set
2022-11-20 07:48:05,637:INFO: - Eval metrics : accuracy: 0.839 ; loss: 0.519
2022-11-20 07:48:06,049:INFO: 
Epoch 55/100
2022-11-20 07:48:33,403:INFO: - Train metrics: accuracy: 0.898 ; loss: 0.400
2022-11-20 07:48:33,403:INFO: Evaluating on validation set
2022-11-20 07:48:38,752:INFO: - Eval metrics : accuracy: 0.829 ; loss: 0.534
2022-11-20 07:48:39,165:INFO: 
Epoch 56/100
2022-11-20 07:49:06,974:INFO: - Train metrics: accuracy: 0.893 ; loss: 0.408
2022-11-20 07:49:06,975:INFO: Evaluating on validation set
2022-11-20 07:49:12,143:INFO: - Eval metrics : accuracy: 0.829 ; loss: 0.509
2022-11-20 07:49:12,575:INFO: 
Epoch 57/100
2022-11-20 07:49:39,685:INFO: - Train metrics: accuracy: 0.891 ; loss: 0.411
2022-11-20 07:49:39,685:INFO: Evaluating on validation set
2022-11-20 07:49:44,821:INFO: - Eval metrics : accuracy: 0.813 ; loss: 0.558
2022-11-20 07:49:45,227:INFO: 
Epoch 58/100
2022-11-20 07:50:12,424:INFO: - Train metrics: accuracy: 0.878 ; loss: 0.395
2022-11-20 07:50:12,424:INFO: Evaluating on validation set
2022-11-20 07:50:17,601:INFO: - Eval metrics : accuracy: 0.830 ; loss: 0.513
2022-11-20 07:50:18,026:INFO: 
Epoch 59/100
2022-11-20 07:50:45,779:INFO: - Train metrics: accuracy: 0.922 ; loss: 0.355
2022-11-20 07:50:45,779:INFO: Evaluating on validation set
2022-11-20 07:50:50,918:INFO: - Eval metrics : accuracy: 0.836 ; loss: 0.521
2022-11-20 07:50:51,319:INFO: 
Epoch 60/100
2022-11-20 07:51:18,487:INFO: - Train metrics: accuracy: 0.914 ; loss: 0.320
2022-11-20 07:51:18,487:INFO: Evaluating on validation set
2022-11-20 07:51:23,501:INFO: - Eval metrics : accuracy: 0.836 ; loss: 0.513
2022-11-20 07:51:23,924:INFO: 
Epoch 61/100
2022-11-20 07:51:51,072:INFO: - Train metrics: accuracy: 0.898 ; loss: 0.358
2022-11-20 07:51:51,073:INFO: Evaluating on validation set
2022-11-20 07:51:56,266:INFO: - Eval metrics : accuracy: 0.827 ; loss: 0.520
2022-11-20 07:51:56,678:INFO: 
Epoch 62/100
2022-11-20 07:52:23,985:INFO: - Train metrics: accuracy: 0.917 ; loss: 0.292
2022-11-20 07:52:23,986:INFO: Evaluating on validation set
2022-11-20 07:52:29,087:INFO: - Eval metrics : accuracy: 0.839 ; loss: 0.514
2022-11-20 07:52:29,461:INFO: 
Epoch 63/100
2022-11-20 07:52:56,661:INFO: - Train metrics: accuracy: 0.904 ; loss: 0.341
2022-11-20 07:52:56,661:INFO: Evaluating on validation set
2022-11-20 07:53:01,836:INFO: - Eval metrics : accuracy: 0.828 ; loss: 0.511
2022-11-20 07:53:02,226:INFO: 
Epoch 64/100
2022-11-20 07:53:29,205:INFO: - Train metrics: accuracy: 0.883 ; loss: 0.375
2022-11-20 07:53:29,205:INFO: Evaluating on validation set
2022-11-20 07:53:34,324:INFO: - Eval metrics : accuracy: 0.825 ; loss: 0.511
2022-11-20 07:53:34,689:INFO: 
Epoch 65/100
2022-11-20 07:54:02,277:INFO: - Train metrics: accuracy: 0.922 ; loss: 0.311
2022-11-20 07:54:02,278:INFO: Evaluating on validation set
2022-11-20 07:54:07,325:INFO: - Eval metrics : accuracy: 0.832 ; loss: 0.529
2022-11-20 07:54:07,745:INFO: 
Epoch 66/100
2022-11-20 07:54:34,866:INFO: - Train metrics: accuracy: 0.893 ; loss: 0.340
2022-11-20 07:54:34,866:INFO: Evaluating on validation set
2022-11-20 07:54:40,056:INFO: - Eval metrics : accuracy: 0.827 ; loss: 0.518
2022-11-20 07:54:40,412:INFO: 
Epoch 67/100
2022-11-20 07:55:07,600:INFO: - Train metrics: accuracy: 0.891 ; loss: 0.360
2022-11-20 07:55:07,601:INFO: Evaluating on validation set
2022-11-20 07:55:12,726:INFO: - Eval metrics : accuracy: 0.826 ; loss: 0.531
2022-11-20 07:55:13,147:INFO: 
Epoch 68/100
2022-11-20 07:55:40,228:INFO: - Train metrics: accuracy: 0.901 ; loss: 0.314
2022-11-20 07:55:40,228:INFO: Evaluating on validation set
2022-11-20 07:55:45,247:INFO: - Eval metrics : accuracy: 0.832 ; loss: 0.505
2022-11-20 07:55:45,651:INFO: 
Epoch 69/100
2022-11-20 07:56:13,283:INFO: - Train metrics: accuracy: 0.927 ; loss: 0.276
2022-11-20 07:56:13,283:INFO: Evaluating on validation set
2022-11-20 07:56:18,386:INFO: - Eval metrics : accuracy: 0.830 ; loss: 0.542
2022-11-20 07:56:18,793:INFO: 
Epoch 70/100
2022-11-20 07:56:45,960:INFO: - Train metrics: accuracy: 0.930 ; loss: 0.297
2022-11-20 07:56:45,961:INFO: Evaluating on validation set
2022-11-20 07:56:51,117:INFO: - Eval metrics : accuracy: 0.833 ; loss: 0.506
2022-11-20 07:56:51,552:INFO: 
Epoch 71/100
2022-11-20 07:57:19,388:INFO: - Train metrics: accuracy: 0.906 ; loss: 0.302
2022-11-20 07:57:19,389:INFO: Evaluating on validation set
2022-11-20 07:57:24,520:INFO: - Eval metrics : accuracy: 0.837 ; loss: 0.505
2022-11-20 07:57:24,956:INFO: 
Epoch 72/100
2022-11-20 07:57:51,982:INFO: - Train metrics: accuracy: 0.888 ; loss: 0.328
2022-11-20 07:57:51,983:INFO: Evaluating on validation set
2022-11-20 07:57:57,188:INFO: - Eval metrics : accuracy: 0.836 ; loss: 0.536
2022-11-20 07:57:57,592:INFO: 
Epoch 73/100
2022-11-20 07:58:24,973:INFO: - Train metrics: accuracy: 0.919 ; loss: 0.295
2022-11-20 07:58:24,973:INFO: Evaluating on validation set
2022-11-20 07:58:30,072:INFO: - Eval metrics : accuracy: 0.848 ; loss: 0.486
2022-11-20 07:58:30,857:INFO: - Found new best accuracy
2022-11-20 07:58:30,858:INFO: 
Epoch 74/100
2022-11-20 07:58:57,910:INFO: - Train metrics: accuracy: 0.914 ; loss: 0.316
2022-11-20 07:58:57,911:INFO: Evaluating on validation set
2022-11-20 07:59:03,169:INFO: - Eval metrics : accuracy: 0.847 ; loss: 0.516
2022-11-20 07:59:03,583:INFO: 
Epoch 75/100
2022-11-20 07:59:30,840:INFO: - Train metrics: accuracy: 0.951 ; loss: 0.250
2022-11-20 07:59:30,840:INFO: Evaluating on validation set
2022-11-20 07:59:35,971:INFO: - Eval metrics : accuracy: 0.845 ; loss: 0.498
2022-11-20 07:59:36,388:INFO: 
Epoch 76/100
2022-11-20 08:00:04,207:INFO: - Train metrics: accuracy: 0.924 ; loss: 0.307
2022-11-20 08:00:04,208:INFO: Evaluating on validation set
2022-11-20 08:00:09,485:INFO: - Eval metrics : accuracy: 0.832 ; loss: 0.509
2022-11-20 08:00:09,886:INFO: 
Epoch 77/100
2022-11-20 08:00:37,886:INFO: - Train metrics: accuracy: 0.940 ; loss: 0.257
2022-11-20 08:00:37,887:INFO: Evaluating on validation set
2022-11-20 08:00:42,986:INFO: - Eval metrics : accuracy: 0.834 ; loss: 0.520
2022-11-20 08:00:43,402:INFO: 
Epoch 78/100
2022-11-20 08:01:11,173:INFO: - Train metrics: accuracy: 0.904 ; loss: 0.330
2022-11-20 08:01:11,174:INFO: Evaluating on validation set
2022-11-20 08:01:16,419:INFO: - Eval metrics : accuracy: 0.841 ; loss: 0.501
2022-11-20 08:01:16,821:INFO: 
Epoch 79/100
2022-11-20 08:01:44,328:INFO: - Train metrics: accuracy: 0.919 ; loss: 0.279
2022-11-20 08:01:44,329:INFO: Evaluating on validation set
2022-11-20 08:01:49,482:INFO: - Eval metrics : accuracy: 0.836 ; loss: 0.494
2022-11-20 08:01:49,846:INFO: 
Epoch 80/100
2022-11-20 08:02:17,601:INFO: - Train metrics: accuracy: 0.909 ; loss: 0.288
2022-11-20 08:02:17,602:INFO: Evaluating on validation set
2022-11-20 08:02:22,873:INFO: - Eval metrics : accuracy: 0.826 ; loss: 0.541
2022-11-20 08:02:23,295:INFO: 
Epoch 81/100
2022-11-20 08:02:50,647:INFO: - Train metrics: accuracy: 0.935 ; loss: 0.280
2022-11-20 08:02:50,647:INFO: Evaluating on validation set
2022-11-20 08:02:55,896:INFO: - Eval metrics : accuracy: 0.832 ; loss: 0.512
2022-11-20 08:02:56,296:INFO: 
Epoch 82/100
2022-11-20 08:03:24,195:INFO: - Train metrics: accuracy: 0.917 ; loss: 0.263
2022-11-20 08:03:24,195:INFO: Evaluating on validation set
2022-11-20 08:03:29,396:INFO: - Eval metrics : accuracy: 0.834 ; loss: 0.534
2022-11-20 08:03:29,793:INFO: 
Epoch 83/100
2022-11-20 08:03:57,336:INFO: - Train metrics: accuracy: 0.935 ; loss: 0.240
2022-11-20 08:03:57,336:INFO: Evaluating on validation set
2022-11-20 08:04:02,670:INFO: - Eval metrics : accuracy: 0.830 ; loss: 0.521
2022-11-20 08:04:03,104:INFO: 
Epoch 84/100
2022-11-20 08:04:30,578:INFO: - Train metrics: accuracy: 0.932 ; loss: 0.260
2022-11-20 08:04:30,579:INFO: Evaluating on validation set
2022-11-20 08:04:35,841:INFO: - Eval metrics : accuracy: 0.836 ; loss: 0.509
2022-11-20 08:04:36,258:INFO: 
Epoch 85/100
2022-11-20 08:05:04,303:INFO: - Train metrics: accuracy: 0.938 ; loss: 0.242
2022-11-20 08:05:04,303:INFO: Evaluating on validation set
2022-11-20 08:05:09,452:INFO: - Eval metrics : accuracy: 0.838 ; loss: 0.495
2022-11-20 08:05:09,876:INFO: 
Epoch 86/100
2022-11-20 08:05:37,476:INFO: - Train metrics: accuracy: 0.917 ; loss: 0.269
2022-11-20 08:05:37,476:INFO: Evaluating on validation set
2022-11-20 08:05:42,716:INFO: - Eval metrics : accuracy: 0.842 ; loss: 0.506
2022-11-20 08:05:43,121:INFO: 
Epoch 87/100
2022-11-20 08:06:11,096:INFO: - Train metrics: accuracy: 0.945 ; loss: 0.221
2022-11-20 08:06:11,096:INFO: Evaluating on validation set
2022-11-20 08:06:16,255:INFO: - Eval metrics : accuracy: 0.820 ; loss: 0.531
2022-11-20 08:06:16,675:INFO: 
Epoch 88/100
2022-11-20 08:06:44,271:INFO: - Train metrics: accuracy: 0.948 ; loss: 0.200
2022-11-20 08:06:44,271:INFO: Evaluating on validation set
2022-11-20 08:06:49,384:INFO: - Eval metrics : accuracy: 0.829 ; loss: 0.512
2022-11-20 08:06:49,821:INFO: 
Epoch 89/100
2022-11-20 08:07:17,321:INFO: - Train metrics: accuracy: 0.932 ; loss: 0.221
2022-11-20 08:07:17,321:INFO: Evaluating on validation set
2022-11-20 08:07:22,547:INFO: - Eval metrics : accuracy: 0.845 ; loss: 0.496
2022-11-20 08:07:22,949:INFO: 
Epoch 90/100
2022-11-20 08:07:50,728:INFO: - Train metrics: accuracy: 0.940 ; loss: 0.227
2022-11-20 08:07:50,728:INFO: Evaluating on validation set
2022-11-20 08:07:55,861:INFO: - Eval metrics : accuracy: 0.842 ; loss: 0.508
2022-11-20 08:07:56,236:INFO: 
Epoch 91/100
2022-11-20 08:08:23,566:INFO: - Train metrics: accuracy: 0.935 ; loss: 0.263
2022-11-20 08:08:23,566:INFO: Evaluating on validation set
2022-11-20 08:08:28,614:INFO: - Eval metrics : accuracy: 0.823 ; loss: 0.511
2022-11-20 08:08:29,037:INFO: 
Epoch 92/100
2022-11-20 08:08:56,269:INFO: - Train metrics: accuracy: 0.964 ; loss: 0.184
2022-11-20 08:08:56,270:INFO: Evaluating on validation set
2022-11-20 08:09:01,525:INFO: - Eval metrics : accuracy: 0.837 ; loss: 0.519
2022-11-20 08:09:01,959:INFO: 
Epoch 93/100
2022-11-20 08:09:28,860:INFO: - Train metrics: accuracy: 0.930 ; loss: 0.217
2022-11-20 08:09:28,861:INFO: Evaluating on validation set
2022-11-20 08:09:33,878:INFO: - Eval metrics : accuracy: 0.838 ; loss: 0.506
2022-11-20 08:09:34,304:INFO: 
Epoch 94/100
2022-11-20 08:10:01,580:INFO: - Train metrics: accuracy: 0.961 ; loss: 0.182
2022-11-20 08:10:01,581:INFO: Evaluating on validation set
2022-11-20 08:10:06,853:INFO: - Eval metrics : accuracy: 0.832 ; loss: 0.510
2022-11-20 08:10:07,260:INFO: 
Epoch 95/100
2022-11-20 08:10:34,740:INFO: - Train metrics: accuracy: 0.948 ; loss: 0.208
2022-11-20 08:10:34,741:INFO: Evaluating on validation set
2022-11-20 08:10:39,950:INFO: - Eval metrics : accuracy: 0.837 ; loss: 0.503
2022-11-20 08:10:40,363:INFO: 
Epoch 96/100
2022-11-20 08:11:07,815:INFO: - Train metrics: accuracy: 0.953 ; loss: 0.236
2022-11-20 08:11:07,816:INFO: Evaluating on validation set
2022-11-20 08:11:13,006:INFO: - Eval metrics : accuracy: 0.837 ; loss: 0.529
2022-11-20 08:11:13,444:INFO: 
Epoch 97/100
2022-11-20 08:11:41,291:INFO: - Train metrics: accuracy: 0.940 ; loss: 0.218
2022-11-20 08:11:41,291:INFO: Evaluating on validation set
2022-11-20 08:11:46,472:INFO: - Eval metrics : accuracy: 0.826 ; loss: 0.507
2022-11-20 08:11:46,881:INFO: 
Epoch 98/100
2022-11-20 08:12:14,450:INFO: - Train metrics: accuracy: 0.943 ; loss: 0.201
2022-11-20 08:12:14,450:INFO: Evaluating on validation set
2022-11-20 08:12:19,574:INFO: - Eval metrics : accuracy: 0.835 ; loss: 0.483
2022-11-20 08:12:19,979:INFO: 
Epoch 99/100
2022-11-20 08:12:47,837:INFO: - Train metrics: accuracy: 0.945 ; loss: 0.188
2022-11-20 08:12:47,838:INFO: Evaluating on validation set
2022-11-20 08:12:52,938:INFO: - Eval metrics : accuracy: 0.838 ; loss: 0.500
2022-11-20 08:12:53,374:INFO: 
Epoch 100/100
2022-11-20 08:13:21,041:INFO: - Train metrics: accuracy: 0.945 ; loss: 0.187
2022-11-20 08:13:21,041:INFO: Evaluating on validation set
2022-11-20 08:13:26,169:INFO: - Eval metrics : accuracy: 0.841 ; loss: 0.495
