2022-11-19 23:57:59,442:INFO: Loading the datasets...
2022-11-19 23:57:59,509:INFO: Dataloading done.
2022-11-19 23:58:05,191:INFO: Starting training for 200 epoch(s)
2022-11-19 23:58:05,193:INFO: 
Epoch 1/200
2022-11-19 23:58:37,383:INFO: - Train metrics: accuracy: 0.053 ; loss: 3.587
2022-11-19 23:58:37,383:INFO: Evaluating on validation set
2022-11-19 23:58:43,193:INFO: - Eval metrics : accuracy: 0.171 ; loss: 3.341
2022-11-19 23:58:43,706:INFO: - Found new best accuracy
2022-11-19 23:58:43,707:INFO: 
Epoch 2/200
2022-11-19 23:59:16,292:INFO: - Train metrics: accuracy: 0.263 ; loss: 3.218
2022-11-19 23:59:16,293:INFO: Evaluating on validation set
2022-11-19 23:59:22,059:INFO: - Eval metrics : accuracy: 0.578 ; loss: 2.589
2022-11-19 23:59:23,951:INFO: - Found new best accuracy
2022-11-19 23:59:23,952:INFO: 
Epoch 3/200
2022-11-19 23:59:56,200:INFO: - Train metrics: accuracy: 0.403 ; loss: 2.751
2022-11-19 23:59:56,201:INFO: Evaluating on validation set
2022-11-20 00:00:02,016:INFO: - Eval metrics : accuracy: 0.699 ; loss: 1.722
2022-11-20 00:00:04,052:INFO: - Found new best accuracy
2022-11-20 00:00:04,053:INFO: 
Epoch 4/200
2022-11-20 00:00:36,342:INFO: - Train metrics: accuracy: 0.487 ; loss: 2.208
2022-11-20 00:00:36,342:INFO: Evaluating on validation set
2022-11-20 00:00:42,271:INFO: - Eval metrics : accuracy: 0.759 ; loss: 1.247
2022-11-20 00:00:44,157:INFO: - Found new best accuracy
2022-11-20 00:00:44,158:INFO: 
Epoch 5/200
2022-11-20 00:01:16,750:INFO: - Train metrics: accuracy: 0.581 ; loss: 1.769
2022-11-20 00:01:16,751:INFO: Evaluating on validation set
2022-11-20 00:01:22,623:INFO: - Eval metrics : accuracy: 0.822 ; loss: 0.947
2022-11-20 00:01:24,493:INFO: - Found new best accuracy
2022-11-20 00:01:24,495:INFO: 
Epoch 6/200
2022-11-20 00:01:56,851:INFO: - Train metrics: accuracy: 0.681 ; loss: 1.375
2022-11-20 00:01:56,851:INFO: Evaluating on validation set
2022-11-20 00:02:03,044:INFO: - Eval metrics : accuracy: 0.829 ; loss: 0.792
2022-11-20 00:02:04,903:INFO: - Found new best accuracy
2022-11-20 00:02:04,904:INFO: 
Epoch 7/200
2022-11-20 00:02:37,093:INFO: - Train metrics: accuracy: 0.713 ; loss: 1.171
2022-11-20 00:02:37,094:INFO: Evaluating on validation set
2022-11-20 00:02:42,748:INFO: - Eval metrics : accuracy: 0.829 ; loss: 0.687
2022-11-20 00:02:44,642:INFO: - Found new best accuracy
2022-11-20 00:02:44,644:INFO: 
Epoch 8/200
2022-11-20 00:03:17,193:INFO: - Train metrics: accuracy: 0.703 ; loss: 1.040
2022-11-20 00:03:17,194:INFO: Evaluating on validation set
2022-11-20 00:03:22,953:INFO: - Eval metrics : accuracy: 0.866 ; loss: 0.555
2022-11-20 00:03:24,832:INFO: - Found new best accuracy
2022-11-20 00:03:24,833:INFO: 
Epoch 9/200
2022-11-20 00:03:57,640:INFO: - Train metrics: accuracy: 0.750 ; loss: 0.847
2022-11-20 00:03:57,641:INFO: Evaluating on validation set
2022-11-20 00:04:03,897:INFO: - Eval metrics : accuracy: 0.837 ; loss: 0.576
2022-11-20 00:04:04,865:INFO: 
Epoch 10/200
2022-11-20 00:04:37,472:INFO: - Train metrics: accuracy: 0.756 ; loss: 0.869
2022-11-20 00:04:37,473:INFO: Evaluating on validation set
2022-11-20 00:04:43,349:INFO: - Eval metrics : accuracy: 0.852 ; loss: 0.527
2022-11-20 00:04:44,325:INFO: 
Epoch 11/200
2022-11-20 00:05:17,797:INFO: - Train metrics: accuracy: 0.784 ; loss: 0.708
2022-11-20 00:05:17,798:INFO: Evaluating on validation set
2022-11-20 00:05:23,868:INFO: - Eval metrics : accuracy: 0.857 ; loss: 0.470
2022-11-20 00:05:24,877:INFO: 
Epoch 12/200
2022-11-20 00:05:57,469:INFO: - Train metrics: accuracy: 0.828 ; loss: 0.628
2022-11-20 00:05:57,470:INFO: Evaluating on validation set
2022-11-20 00:06:03,653:INFO: - Eval metrics : accuracy: 0.865 ; loss: 0.452
2022-11-20 00:06:04,633:INFO: 
Epoch 13/200
2022-11-20 00:06:36,902:INFO: - Train metrics: accuracy: 0.809 ; loss: 0.679
2022-11-20 00:06:36,903:INFO: Evaluating on validation set
2022-11-20 00:06:42,649:INFO: - Eval metrics : accuracy: 0.878 ; loss: 0.404
2022-11-20 00:06:44,574:INFO: - Found new best accuracy
2022-11-20 00:06:44,575:INFO: 
Epoch 14/200
2022-11-20 00:07:17,529:INFO: - Train metrics: accuracy: 0.816 ; loss: 0.590
2022-11-20 00:07:17,530:INFO: Evaluating on validation set
2022-11-20 00:07:23,457:INFO: - Eval metrics : accuracy: 0.885 ; loss: 0.385
2022-11-20 00:07:25,358:INFO: - Found new best accuracy
2022-11-20 00:07:25,359:INFO: 
Epoch 15/200
2022-11-20 00:07:57,555:INFO: - Train metrics: accuracy: 0.841 ; loss: 0.602
2022-11-20 00:07:57,556:INFO: Evaluating on validation set
2022-11-20 00:08:03,674:INFO: - Eval metrics : accuracy: 0.858 ; loss: 0.419
2022-11-20 00:08:04,653:INFO: 
Epoch 16/200
2022-11-20 00:08:36,970:INFO: - Train metrics: accuracy: 0.816 ; loss: 0.587
2022-11-20 00:08:36,971:INFO: Evaluating on validation set
2022-11-20 00:08:43,019:INFO: - Eval metrics : accuracy: 0.867 ; loss: 0.392
2022-11-20 00:08:43,997:INFO: 
Epoch 17/200
2022-11-20 00:09:17,104:INFO: - Train metrics: accuracy: 0.856 ; loss: 0.468
2022-11-20 00:09:17,105:INFO: Evaluating on validation set
2022-11-20 00:09:23,175:INFO: - Eval metrics : accuracy: 0.878 ; loss: 0.389
2022-11-20 00:09:24,157:INFO: 
Epoch 18/200
2022-11-20 00:09:56,494:INFO: - Train metrics: accuracy: 0.881 ; loss: 0.466
2022-11-20 00:09:56,494:INFO: Evaluating on validation set
2022-11-20 00:10:02,825:INFO: - Eval metrics : accuracy: 0.874 ; loss: 0.376
2022-11-20 00:10:03,809:INFO: 
Epoch 19/200
2022-11-20 00:10:36,181:INFO: - Train metrics: accuracy: 0.894 ; loss: 0.381
2022-11-20 00:10:36,182:INFO: Evaluating on validation set
2022-11-20 00:10:42,067:INFO: - Eval metrics : accuracy: 0.863 ; loss: 0.394
2022-11-20 00:10:43,049:INFO: 
Epoch 20/200
2022-11-20 00:11:15,808:INFO: - Train metrics: accuracy: 0.866 ; loss: 0.419
2022-11-20 00:11:15,809:INFO: Evaluating on validation set
2022-11-20 00:11:21,701:INFO: - Eval metrics : accuracy: 0.872 ; loss: 0.379
2022-11-20 00:11:22,673:INFO: 
Epoch 21/200
2022-11-20 00:11:54,992:INFO: - Train metrics: accuracy: 0.909 ; loss: 0.348
2022-11-20 00:11:54,993:INFO: Evaluating on validation set
2022-11-20 00:12:00,864:INFO: - Eval metrics : accuracy: 0.867 ; loss: 0.384
2022-11-20 00:12:01,854:INFO: 
Epoch 22/200
2022-11-20 00:12:34,244:INFO: - Train metrics: accuracy: 0.884 ; loss: 0.395
2022-11-20 00:12:34,244:INFO: Evaluating on validation set
2022-11-20 00:12:39,981:INFO: - Eval metrics : accuracy: 0.889 ; loss: 0.333
2022-11-20 00:12:41,957:INFO: - Found new best accuracy
2022-11-20 00:12:41,959:INFO: 
Epoch 23/200
2022-11-20 00:13:14,268:INFO: - Train metrics: accuracy: 0.894 ; loss: 0.365
2022-11-20 00:13:14,269:INFO: Evaluating on validation set
2022-11-20 00:13:19,934:INFO: - Eval metrics : accuracy: 0.863 ; loss: 0.368
2022-11-20 00:13:20,938:INFO: 
Epoch 24/200
2022-11-20 00:13:53,115:INFO: - Train metrics: accuracy: 0.894 ; loss: 0.382
2022-11-20 00:13:53,116:INFO: Evaluating on validation set
2022-11-20 00:13:58,928:INFO: - Eval metrics : accuracy: 0.872 ; loss: 0.355
2022-11-20 00:13:59,896:INFO: 
Epoch 25/200
2022-11-20 00:14:32,555:INFO: - Train metrics: accuracy: 0.900 ; loss: 0.320
2022-11-20 00:14:32,556:INFO: Evaluating on validation set
2022-11-20 00:14:38,486:INFO: - Eval metrics : accuracy: 0.879 ; loss: 0.356
2022-11-20 00:14:39,457:INFO: 
Epoch 26/200
2022-11-20 00:15:11,649:INFO: - Train metrics: accuracy: 0.925 ; loss: 0.254
2022-11-20 00:15:11,650:INFO: Evaluating on validation set
2022-11-20 00:15:17,398:INFO: - Eval metrics : accuracy: 0.901 ; loss: 0.302
2022-11-20 00:15:19,338:INFO: - Found new best accuracy
2022-11-20 00:15:19,339:INFO: 
Epoch 27/200
2022-11-20 00:15:51,611:INFO: - Train metrics: accuracy: 0.897 ; loss: 0.347
2022-11-20 00:15:51,612:INFO: Evaluating on validation set
2022-11-20 00:15:57,341:INFO: - Eval metrics : accuracy: 0.889 ; loss: 0.318
2022-11-20 00:15:58,318:INFO: 
Epoch 28/200
2022-11-20 00:16:30,777:INFO: - Train metrics: accuracy: 0.897 ; loss: 0.332
2022-11-20 00:16:30,778:INFO: Evaluating on validation set
2022-11-20 00:16:36,586:INFO: - Eval metrics : accuracy: 0.875 ; loss: 0.344
2022-11-20 00:16:37,608:INFO: 
Epoch 29/200
2022-11-20 00:17:10,009:INFO: - Train metrics: accuracy: 0.922 ; loss: 0.281
2022-11-20 00:17:10,010:INFO: Evaluating on validation set
2022-11-20 00:17:15,830:INFO: - Eval metrics : accuracy: 0.892 ; loss: 0.308
2022-11-20 00:17:16,806:INFO: 
Epoch 30/200
2022-11-20 00:17:49,140:INFO: - Train metrics: accuracy: 0.934 ; loss: 0.257
2022-11-20 00:17:49,140:INFO: Evaluating on validation set
2022-11-20 00:17:55,078:INFO: - Eval metrics : accuracy: 0.875 ; loss: 0.352
2022-11-20 00:17:56,062:INFO: 
Epoch 31/200
2022-11-20 00:18:28,822:INFO: - Train metrics: accuracy: 0.931 ; loss: 0.254
2022-11-20 00:18:28,822:INFO: Evaluating on validation set
2022-11-20 00:18:34,721:INFO: - Eval metrics : accuracy: 0.902 ; loss: 0.303
2022-11-20 00:18:36,610:INFO: - Found new best accuracy
2022-11-20 00:18:36,611:INFO: 
Epoch 32/200
2022-11-20 00:19:09,128:INFO: - Train metrics: accuracy: 0.941 ; loss: 0.229
2022-11-20 00:19:09,128:INFO: Evaluating on validation set
2022-11-20 00:19:14,928:INFO: - Eval metrics : accuracy: 0.896 ; loss: 0.287
2022-11-20 00:19:15,902:INFO: 
Epoch 33/200
2022-11-20 00:19:48,174:INFO: - Train metrics: accuracy: 0.950 ; loss: 0.213
2022-11-20 00:19:48,174:INFO: Evaluating on validation set
2022-11-20 00:19:53,973:INFO: - Eval metrics : accuracy: 0.902 ; loss: 0.315
2022-11-20 00:19:55,909:INFO: - Found new best accuracy
2022-11-20 00:19:55,911:INFO: 
Epoch 34/200
2022-11-20 00:20:28,844:INFO: - Train metrics: accuracy: 0.925 ; loss: 0.242
2022-11-20 00:20:28,844:INFO: Evaluating on validation set
2022-11-20 00:20:34,793:INFO: - Eval metrics : accuracy: 0.879 ; loss: 0.366
2022-11-20 00:20:35,762:INFO: 
Epoch 35/200
2022-11-20 00:21:08,078:INFO: - Train metrics: accuracy: 0.925 ; loss: 0.226
2022-11-20 00:21:08,079:INFO: Evaluating on validation set
2022-11-20 00:21:13,874:INFO: - Eval metrics : accuracy: 0.906 ; loss: 0.302
2022-11-20 00:21:15,839:INFO: - Found new best accuracy
2022-11-20 00:21:15,840:INFO: 
Epoch 36/200
2022-11-20 00:21:48,564:INFO: - Train metrics: accuracy: 0.956 ; loss: 0.186
2022-11-20 00:21:48,565:INFO: Evaluating on validation set
2022-11-20 00:21:54,375:INFO: - Eval metrics : accuracy: 0.902 ; loss: 0.307
2022-11-20 00:21:55,353:INFO: 
Epoch 37/200
2022-11-20 00:22:28,171:INFO: - Train metrics: accuracy: 0.966 ; loss: 0.164
2022-11-20 00:22:28,172:INFO: Evaluating on validation set
2022-11-20 00:22:33,992:INFO: - Eval metrics : accuracy: 0.889 ; loss: 0.316
2022-11-20 00:22:34,965:INFO: 
Epoch 38/200
2022-11-20 00:23:08,270:INFO: - Train metrics: accuracy: 0.956 ; loss: 0.165
2022-11-20 00:23:08,271:INFO: Evaluating on validation set
2022-11-20 00:23:14,170:INFO: - Eval metrics : accuracy: 0.901 ; loss: 0.323
2022-11-20 00:23:15,175:INFO: 
Epoch 39/200
2022-11-20 00:23:48,712:INFO: - Train metrics: accuracy: 0.944 ; loss: 0.177
2022-11-20 00:23:48,713:INFO: Evaluating on validation set
2022-11-20 00:23:55,337:INFO: - Eval metrics : accuracy: 0.893 ; loss: 0.315
2022-11-20 00:23:56,312:INFO: 
Epoch 40/200
2022-11-20 00:24:30,264:INFO: - Train metrics: accuracy: 0.953 ; loss: 0.176
2022-11-20 00:24:30,264:INFO: Evaluating on validation set
2022-11-20 00:24:36,110:INFO: - Eval metrics : accuracy: 0.905 ; loss: 0.287
2022-11-20 00:24:37,098:INFO: 
Epoch 41/200
2022-11-20 00:25:10,953:INFO: - Train metrics: accuracy: 0.972 ; loss: 0.127
2022-11-20 00:25:10,954:INFO: Evaluating on validation set
2022-11-20 00:25:16,831:INFO: - Eval metrics : accuracy: 0.893 ; loss: 0.300
2022-11-20 00:25:17,819:INFO: 
Epoch 42/200
2022-11-20 00:25:50,250:INFO: - Train metrics: accuracy: 0.941 ; loss: 0.205
2022-11-20 00:25:50,250:INFO: Evaluating on validation set
2022-11-20 00:25:56,130:INFO: - Eval metrics : accuracy: 0.902 ; loss: 0.322
2022-11-20 00:25:57,114:INFO: 
Epoch 43/200
2022-11-20 00:26:29,630:INFO: - Train metrics: accuracy: 0.956 ; loss: 0.152
2022-11-20 00:26:29,631:INFO: Evaluating on validation set
2022-11-20 00:26:35,538:INFO: - Eval metrics : accuracy: 0.866 ; loss: 0.374
2022-11-20 00:26:36,514:INFO: 
Epoch 44/200
2022-11-20 00:27:09,412:INFO: - Train metrics: accuracy: 0.953 ; loss: 0.142
2022-11-20 00:27:09,413:INFO: Evaluating on validation set
2022-11-20 00:27:15,622:INFO: - Eval metrics : accuracy: 0.893 ; loss: 0.309
2022-11-20 00:27:16,659:INFO: 
Epoch 45/200
2022-11-20 00:27:50,316:INFO: - Train metrics: accuracy: 0.953 ; loss: 0.143
2022-11-20 00:27:50,317:INFO: Evaluating on validation set
2022-11-20 00:27:56,086:INFO: - Eval metrics : accuracy: 0.889 ; loss: 0.330
2022-11-20 00:27:57,085:INFO: 
Epoch 46/200
2022-11-20 00:28:29,987:INFO: - Train metrics: accuracy: 0.984 ; loss: 0.096
2022-11-20 00:28:29,988:INFO: Evaluating on validation set
2022-11-20 00:28:35,766:INFO: - Eval metrics : accuracy: 0.895 ; loss: 0.325
2022-11-20 00:28:36,742:INFO: 
Epoch 47/200
2022-11-20 00:29:10,615:INFO: - Train metrics: accuracy: 0.953 ; loss: 0.156
2022-11-20 00:29:10,616:INFO: Evaluating on validation set
2022-11-20 00:29:16,930:INFO: - Eval metrics : accuracy: 0.875 ; loss: 0.351
2022-11-20 00:29:17,946:INFO: 
Epoch 48/200
2022-11-20 00:29:53,800:INFO: - Train metrics: accuracy: 0.966 ; loss: 0.132
2022-11-20 00:29:53,801:INFO: Evaluating on validation set
2022-11-20 00:30:00,127:INFO: - Eval metrics : accuracy: 0.911 ; loss: 0.281
2022-11-20 00:30:02,224:INFO: - Found new best accuracy
2022-11-20 00:30:02,226:INFO: 
Epoch 49/200
2022-11-20 00:30:35,263:INFO: - Train metrics: accuracy: 0.975 ; loss: 0.116
2022-11-20 00:30:35,264:INFO: Evaluating on validation set
2022-11-20 00:30:41,074:INFO: - Eval metrics : accuracy: 0.897 ; loss: 0.298
2022-11-20 00:30:42,091:INFO: 
Epoch 50/200
2022-11-20 00:31:15,704:INFO: - Train metrics: accuracy: 0.966 ; loss: 0.139
2022-11-20 00:31:15,705:INFO: Evaluating on validation set
2022-11-20 00:31:21,437:INFO: - Eval metrics : accuracy: 0.893 ; loss: 0.310
2022-11-20 00:31:22,395:INFO: 
Epoch 51/200
2022-11-20 00:31:54,665:INFO: - Train metrics: accuracy: 0.972 ; loss: 0.107
2022-11-20 00:31:54,666:INFO: Evaluating on validation set
2022-11-20 00:32:00,352:INFO: - Eval metrics : accuracy: 0.893 ; loss: 0.330
2022-11-20 00:32:01,359:INFO: 
Epoch 52/200
2022-11-20 00:32:34,500:INFO: - Train metrics: accuracy: 0.956 ; loss: 0.141
2022-11-20 00:32:34,501:INFO: Evaluating on validation set
2022-11-20 00:32:40,296:INFO: - Eval metrics : accuracy: 0.897 ; loss: 0.306
2022-11-20 00:32:41,229:INFO: 
Epoch 53/200
2022-11-20 00:33:13,443:INFO: - Train metrics: accuracy: 0.975 ; loss: 0.085
2022-11-20 00:33:13,444:INFO: Evaluating on validation set
2022-11-20 00:33:19,210:INFO: - Eval metrics : accuracy: 0.884 ; loss: 0.313
2022-11-20 00:33:20,182:INFO: 
Epoch 54/200
2022-11-20 00:33:53,028:INFO: - Train metrics: accuracy: 0.963 ; loss: 0.133
2022-11-20 00:33:53,029:INFO: Evaluating on validation set
2022-11-20 00:33:58,680:INFO: - Eval metrics : accuracy: 0.896 ; loss: 0.333
2022-11-20 00:33:59,604:INFO: 
Epoch 55/200
2022-11-20 00:34:32,684:INFO: - Train metrics: accuracy: 0.991 ; loss: 0.085
2022-11-20 00:34:32,685:INFO: Evaluating on validation set
2022-11-20 00:34:38,236:INFO: - Eval metrics : accuracy: 0.888 ; loss: 0.325
2022-11-20 00:34:39,199:INFO: 
Epoch 56/200
2022-11-20 00:35:11,469:INFO: - Train metrics: accuracy: 0.972 ; loss: 0.091
2022-11-20 00:35:11,470:INFO: Evaluating on validation set
2022-11-20 00:35:16,878:INFO: - Eval metrics : accuracy: 0.887 ; loss: 0.344
2022-11-20 00:35:17,824:INFO: 
Epoch 57/200
2022-11-20 00:35:49,868:INFO: - Train metrics: accuracy: 0.981 ; loss: 0.085
2022-11-20 00:35:49,869:INFO: Evaluating on validation set
2022-11-20 00:35:55,202:INFO: - Eval metrics : accuracy: 0.887 ; loss: 0.336
2022-11-20 00:35:56,153:INFO: 
Epoch 58/200
2022-11-20 00:36:28,346:INFO: - Train metrics: accuracy: 0.978 ; loss: 0.083
2022-11-20 00:36:28,347:INFO: Evaluating on validation set
2022-11-20 00:36:33,664:INFO: - Eval metrics : accuracy: 0.888 ; loss: 0.316
2022-11-20 00:36:34,644:INFO: 
Epoch 59/200
2022-11-20 00:37:07,422:INFO: - Train metrics: accuracy: 0.984 ; loss: 0.090
2022-11-20 00:37:07,423:INFO: Evaluating on validation set
2022-11-20 00:37:12,777:INFO: - Eval metrics : accuracy: 0.898 ; loss: 0.308
2022-11-20 00:37:13,738:INFO: 
Epoch 60/200
2022-11-20 00:37:45,925:INFO: - Train metrics: accuracy: 0.966 ; loss: 0.101
2022-11-20 00:37:45,926:INFO: Evaluating on validation set
2022-11-20 00:37:51,176:INFO: - Eval metrics : accuracy: 0.893 ; loss: 0.320
2022-11-20 00:37:52,128:INFO: 
Epoch 61/200
2022-11-20 00:38:24,223:INFO: - Train metrics: accuracy: 0.975 ; loss: 0.109
2022-11-20 00:38:24,223:INFO: Evaluating on validation set
2022-11-20 00:38:30,144:INFO: - Eval metrics : accuracy: 0.900 ; loss: 0.321
2022-11-20 00:38:31,121:INFO: 
Epoch 62/200
2022-11-20 00:39:03,374:INFO: - Train metrics: accuracy: 0.994 ; loss: 0.056
2022-11-20 00:39:03,375:INFO: Evaluating on validation set
2022-11-20 00:39:08,846:INFO: - Eval metrics : accuracy: 0.879 ; loss: 0.341
2022-11-20 00:39:09,809:INFO: 
Epoch 63/200
2022-11-20 00:39:42,007:INFO: - Train metrics: accuracy: 0.991 ; loss: 0.060
2022-11-20 00:39:42,008:INFO: Evaluating on validation set
2022-11-20 00:39:47,636:INFO: - Eval metrics : accuracy: 0.891 ; loss: 0.354
2022-11-20 00:39:48,605:INFO: 
Epoch 64/200
2022-11-20 00:40:20,694:INFO: - Train metrics: accuracy: 0.984 ; loss: 0.059
2022-11-20 00:40:20,695:INFO: Evaluating on validation set
2022-11-20 00:40:26,512:INFO: - Eval metrics : accuracy: 0.897 ; loss: 0.311
2022-11-20 00:40:27,481:INFO: 
Epoch 65/200
2022-11-20 00:41:01,444:INFO: - Train metrics: accuracy: 0.994 ; loss: 0.060
2022-11-20 00:41:01,445:INFO: Evaluating on validation set
2022-11-20 00:41:07,417:INFO: - Eval metrics : accuracy: 0.896 ; loss: 0.327
2022-11-20 00:41:08,384:INFO: 
Epoch 66/200
2022-11-20 00:41:40,612:INFO: - Train metrics: accuracy: 0.994 ; loss: 0.049
2022-11-20 00:41:40,613:INFO: Evaluating on validation set
2022-11-20 00:41:46,434:INFO: - Eval metrics : accuracy: 0.889 ; loss: 0.345
2022-11-20 00:41:47,397:INFO: 
Epoch 67/200
2022-11-20 00:42:19,767:INFO: - Train metrics: accuracy: 0.994 ; loss: 0.057
2022-11-20 00:42:19,767:INFO: Evaluating on validation set
2022-11-20 00:42:25,520:INFO: - Eval metrics : accuracy: 0.895 ; loss: 0.344
2022-11-20 00:42:26,475:INFO: 
Epoch 68/200
2022-11-20 00:42:59,287:INFO: - Train metrics: accuracy: 0.978 ; loss: 0.086
2022-11-20 00:42:59,287:INFO: Evaluating on validation set
2022-11-20 00:43:05,197:INFO: - Eval metrics : accuracy: 0.885 ; loss: 0.332
2022-11-20 00:43:06,173:INFO: 
Epoch 69/200
2022-11-20 00:43:38,485:INFO: - Train metrics: accuracy: 0.981 ; loss: 0.077
2022-11-20 00:43:38,486:INFO: Evaluating on validation set
2022-11-20 00:43:44,272:INFO: - Eval metrics : accuracy: 0.889 ; loss: 0.339
2022-11-20 00:43:45,237:INFO: 
Epoch 70/200
2022-11-20 00:44:17,853:INFO: - Train metrics: accuracy: 0.981 ; loss: 0.075
2022-11-20 00:44:17,854:INFO: Evaluating on validation set
2022-11-20 00:44:23,448:INFO: - Eval metrics : accuracy: 0.897 ; loss: 0.332
2022-11-20 00:44:24,411:INFO: 
Epoch 71/200
2022-11-20 00:44:57,584:INFO: - Train metrics: accuracy: 0.981 ; loss: 0.071
2022-11-20 00:44:57,585:INFO: Evaluating on validation set
2022-11-20 00:45:03,508:INFO: - Eval metrics : accuracy: 0.896 ; loss: 0.328
2022-11-20 00:45:04,475:INFO: 
Epoch 72/200
2022-11-20 00:45:36,743:INFO: - Train metrics: accuracy: 0.984 ; loss: 0.044
2022-11-20 00:45:36,744:INFO: Evaluating on validation set
2022-11-20 00:45:42,589:INFO: - Eval metrics : accuracy: 0.885 ; loss: 0.340
2022-11-20 00:45:43,566:INFO: 
Epoch 73/200
2022-11-20 00:46:15,848:INFO: - Train metrics: accuracy: 0.988 ; loss: 0.067
2022-11-20 00:46:15,849:INFO: Evaluating on validation set
2022-11-20 00:46:21,565:INFO: - Eval metrics : accuracy: 0.896 ; loss: 0.338
2022-11-20 00:46:22,533:INFO: 
Epoch 74/200
2022-11-20 00:46:54,691:INFO: - Train metrics: accuracy: 0.972 ; loss: 0.074
2022-11-20 00:46:54,692:INFO: Evaluating on validation set
2022-11-20 00:47:00,453:INFO: - Eval metrics : accuracy: 0.901 ; loss: 0.326
2022-11-20 00:47:01,425:INFO: 
Epoch 75/200
2022-11-20 00:47:33,870:INFO: - Train metrics: accuracy: 0.981 ; loss: 0.075
2022-11-20 00:47:33,871:INFO: Evaluating on validation set
2022-11-20 00:47:39,836:INFO: - Eval metrics : accuracy: 0.889 ; loss: 0.349
2022-11-20 00:47:40,827:INFO: 
Epoch 76/200
