2022-11-19 22:34:23,950:INFO: Loading the datasets...
2022-11-19 22:34:24,013:INFO: Dataloading done.
2022-11-19 22:34:28,015:INFO: Starting training for 200 epoch(s)
2022-11-19 22:34:28,017:INFO: 
Epoch 1/200
2022-11-19 22:35:00,319:INFO: - Train metrics: accuracy: 0.031 ; loss: 4.750
2022-11-19 22:35:00,319:INFO: Evaluating on validation set
2022-11-19 22:35:06,146:INFO: - Eval metrics : accuracy: 0.033 ; loss: 7.971
2022-11-19 22:35:06,742:INFO: - Found new best accuracy
2022-11-19 22:35:06,743:INFO: 
Epoch 2/200
2022-11-19 22:35:39,278:INFO: - Train metrics: accuracy: 0.028 ; loss: 3.886
2022-11-19 22:35:39,279:INFO: Evaluating on validation set
2022-11-19 22:35:44,928:INFO: - Eval metrics : accuracy: 0.025 ; loss: 4.179
2022-11-19 22:35:45,874:INFO: 
Epoch 3/200
2022-11-19 22:36:18,076:INFO: - Train metrics: accuracy: 0.019 ; loss: 3.829
2022-11-19 22:36:18,076:INFO: Evaluating on validation set
2022-11-19 22:36:23,622:INFO: - Eval metrics : accuracy: 0.046 ; loss: 5.747
2022-11-19 22:36:25,435:INFO: - Found new best accuracy
2022-11-19 22:36:25,436:INFO: 
Epoch 4/200
2022-11-19 22:36:57,853:INFO: - Train metrics: accuracy: 0.041 ; loss: 3.741
2022-11-19 22:36:57,853:INFO: Evaluating on validation set
2022-11-19 22:37:03,701:INFO: - Eval metrics : accuracy: 0.048 ; loss: 4.126
2022-11-19 22:37:05,522:INFO: - Found new best accuracy
2022-11-19 22:37:05,523:INFO: 
Epoch 5/200
2022-11-19 22:37:37,939:INFO: - Train metrics: accuracy: 0.034 ; loss: 3.644
2022-11-19 22:37:37,939:INFO: Evaluating on validation set
2022-11-19 22:37:43,540:INFO: - Eval metrics : accuracy: 0.059 ; loss: 5.417
2022-11-19 22:37:45,468:INFO: - Found new best accuracy
2022-11-19 22:37:45,470:INFO: 
Epoch 6/200
2022-11-19 22:38:17,842:INFO: - Train metrics: accuracy: 0.050 ; loss: 3.687
2022-11-19 22:38:17,842:INFO: Evaluating on validation set
2022-11-19 22:38:23,426:INFO: - Eval metrics : accuracy: 0.047 ; loss: 4.567
2022-11-19 22:38:24,370:INFO: 
Epoch 7/200
2022-11-19 22:38:56,799:INFO: - Train metrics: accuracy: 0.062 ; loss: 3.626
2022-11-19 22:38:56,799:INFO: Evaluating on validation set
2022-11-19 22:39:02,545:INFO: - Eval metrics : accuracy: 0.034 ; loss: 5.177
2022-11-19 22:39:03,520:INFO: 
Epoch 8/200
2022-11-19 22:39:35,948:INFO: - Train metrics: accuracy: 0.025 ; loss: 3.664
2022-11-19 22:39:35,949:INFO: Evaluating on validation set
2022-11-19 22:39:41,625:INFO: - Eval metrics : accuracy: 0.057 ; loss: 3.661
2022-11-19 22:39:42,584:INFO: 
Epoch 9/200
2022-11-19 22:40:14,982:INFO: - Train metrics: accuracy: 0.041 ; loss: 3.620
2022-11-19 22:40:14,983:INFO: Evaluating on validation set
2022-11-19 22:40:20,668:INFO: - Eval metrics : accuracy: 0.057 ; loss: 4.264
2022-11-19 22:40:21,629:INFO: 
Epoch 10/200
2022-11-19 22:40:54,047:INFO: - Train metrics: accuracy: 0.053 ; loss: 3.545
2022-11-19 22:40:54,048:INFO: Evaluating on validation set
2022-11-19 22:40:59,577:INFO: - Eval metrics : accuracy: 0.053 ; loss: 4.100
2022-11-19 22:41:00,527:INFO: 
Epoch 11/200
2022-11-19 22:41:33,233:INFO: - Train metrics: accuracy: 0.047 ; loss: 3.544
2022-11-19 22:41:33,233:INFO: Evaluating on validation set
2022-11-19 22:41:38,779:INFO: - Eval metrics : accuracy: 0.070 ; loss: 3.919
2022-11-19 22:41:40,689:INFO: - Found new best accuracy
2022-11-19 22:41:40,690:INFO: 
Epoch 12/200
2022-11-19 22:42:13,077:INFO: - Train metrics: accuracy: 0.056 ; loss: 3.578
2022-11-19 22:42:13,077:INFO: Evaluating on validation set
2022-11-19 22:42:18,612:INFO: - Eval metrics : accuracy: 0.072 ; loss: 5.091
2022-11-19 22:42:20,543:INFO: - Found new best accuracy
2022-11-19 22:42:20,544:INFO: 
Epoch 13/200
2022-11-19 22:42:52,982:INFO: - Train metrics: accuracy: 0.084 ; loss: 3.496
2022-11-19 22:42:52,983:INFO: Evaluating on validation set
2022-11-19 22:42:58,520:INFO: - Eval metrics : accuracy: 0.070 ; loss: 4.488
2022-11-19 22:42:59,509:INFO: 
Epoch 14/200
2022-11-19 22:43:32,162:INFO: - Train metrics: accuracy: 0.081 ; loss: 3.468
2022-11-19 22:43:32,163:INFO: Evaluating on validation set
2022-11-19 22:43:37,694:INFO: - Eval metrics : accuracy: 0.065 ; loss: 4.009
2022-11-19 22:43:38,649:INFO: 
Epoch 15/200
2022-11-19 22:44:10,990:INFO: - Train metrics: accuracy: 0.091 ; loss: 3.403
2022-11-19 22:44:10,991:INFO: Evaluating on validation set
2022-11-19 22:44:16,482:INFO: - Eval metrics : accuracy: 0.055 ; loss: 4.236
2022-11-19 22:44:17,432:INFO: 
Epoch 16/200
2022-11-19 22:44:49,794:INFO: - Train metrics: accuracy: 0.103 ; loss: 3.397
2022-11-19 22:44:49,795:INFO: Evaluating on validation set
2022-11-19 22:44:55,324:INFO: - Eval metrics : accuracy: 0.085 ; loss: 3.803
2022-11-19 22:44:57,151:INFO: - Found new best accuracy
2022-11-19 22:44:57,152:INFO: 
Epoch 17/200
2022-11-19 22:45:29,866:INFO: - Train metrics: accuracy: 0.084 ; loss: 3.399
2022-11-19 22:45:29,867:INFO: Evaluating on validation set
2022-11-19 22:45:35,396:INFO: - Eval metrics : accuracy: 0.099 ; loss: 3.628
2022-11-19 22:45:37,253:INFO: - Found new best accuracy
2022-11-19 22:45:37,254:INFO: 
Epoch 18/200
2022-11-19 22:46:09,704:INFO: - Train metrics: accuracy: 0.091 ; loss: 3.340
2022-11-19 22:46:09,705:INFO: Evaluating on validation set
2022-11-19 22:46:15,141:INFO: - Eval metrics : accuracy: 0.087 ; loss: 3.676
2022-11-19 22:46:16,096:INFO: 
Epoch 19/200
2022-11-19 22:46:48,679:INFO: - Train metrics: accuracy: 0.109 ; loss: 3.315
2022-11-19 22:46:48,680:INFO: Evaluating on validation set
2022-11-19 22:46:54,217:INFO: - Eval metrics : accuracy: 0.086 ; loss: 3.621
2022-11-19 22:46:55,176:INFO: 
Epoch 20/200
2022-11-19 22:47:27,560:INFO: - Train metrics: accuracy: 0.097 ; loss: 3.305
2022-11-19 22:47:27,561:INFO: Evaluating on validation set
2022-11-19 22:47:32,972:INFO: - Eval metrics : accuracy: 0.090 ; loss: 4.110
2022-11-19 22:47:33,890:INFO: 
Epoch 21/200
2022-11-19 22:48:06,341:INFO: - Train metrics: accuracy: 0.106 ; loss: 3.322
2022-11-19 22:48:06,341:INFO: Evaluating on validation set
2022-11-19 22:48:11,812:INFO: - Eval metrics : accuracy: 0.099 ; loss: 3.566
2022-11-19 22:48:13,706:INFO: - Found new best accuracy
2022-11-19 22:48:13,708:INFO: 
Epoch 22/200
2022-11-19 22:48:46,099:INFO: - Train metrics: accuracy: 0.103 ; loss: 3.313
2022-11-19 22:48:46,100:INFO: Evaluating on validation set
2022-11-19 22:48:51,604:INFO: - Eval metrics : accuracy: 0.099 ; loss: 3.524
2022-11-19 22:48:53,525:INFO: - Found new best accuracy
2022-11-19 22:48:53,526:INFO: 
Epoch 23/200
2022-11-19 22:49:25,826:INFO: - Train metrics: accuracy: 0.106 ; loss: 3.279
2022-11-19 22:49:25,827:INFO: Evaluating on validation set
2022-11-19 22:49:31,358:INFO: - Eval metrics : accuracy: 0.098 ; loss: 3.584
2022-11-19 22:49:32,312:INFO: 
Epoch 24/200
2022-11-19 22:50:04,817:INFO: - Train metrics: accuracy: 0.097 ; loss: 3.299
2022-11-19 22:50:04,817:INFO: Evaluating on validation set
2022-11-19 22:50:10,347:INFO: - Eval metrics : accuracy: 0.105 ; loss: 3.776
2022-11-19 22:50:12,196:INFO: - Found new best accuracy
2022-11-19 22:50:12,197:INFO: 
Epoch 25/200
2022-11-19 22:50:44,584:INFO: - Train metrics: accuracy: 0.122 ; loss: 3.284
2022-11-19 22:50:44,585:INFO: Evaluating on validation set
2022-11-19 22:50:50,114:INFO: - Eval metrics : accuracy: 0.082 ; loss: 3.895
2022-11-19 22:50:51,066:INFO: 
Epoch 26/200
2022-11-19 22:51:23,475:INFO: - Train metrics: accuracy: 0.097 ; loss: 3.239
2022-11-19 22:51:23,476:INFO: Evaluating on validation set
2022-11-19 22:51:29,164:INFO: - Eval metrics : accuracy: 0.107 ; loss: 3.834
2022-11-19 22:51:31,089:INFO: - Found new best accuracy
2022-11-19 22:51:31,090:INFO: 
Epoch 27/200
2022-11-19 22:52:03,422:INFO: - Train metrics: accuracy: 0.128 ; loss: 3.207
2022-11-19 22:52:03,423:INFO: Evaluating on validation set
2022-11-19 22:52:08,912:INFO: - Eval metrics : accuracy: 0.115 ; loss: 3.448
2022-11-19 22:52:10,821:INFO: - Found new best accuracy
2022-11-19 22:52:10,822:INFO: 
Epoch 28/200
2022-11-19 22:52:43,250:INFO: - Train metrics: accuracy: 0.125 ; loss: 3.165
2022-11-19 22:52:43,251:INFO: Evaluating on validation set
2022-11-19 22:52:48,789:INFO: - Eval metrics : accuracy: 0.104 ; loss: 3.429
2022-11-19 22:52:49,741:INFO: 
Epoch 29/200
2022-11-19 22:53:22,091:INFO: - Train metrics: accuracy: 0.163 ; loss: 3.100
2022-11-19 22:53:22,091:INFO: Evaluating on validation set
2022-11-19 22:53:27,745:INFO: - Eval metrics : accuracy: 0.089 ; loss: 3.871
2022-11-19 22:53:28,724:INFO: 
Epoch 30/200
2022-11-19 22:54:01,168:INFO: - Train metrics: accuracy: 0.113 ; loss: 3.104
2022-11-19 22:54:01,169:INFO: Evaluating on validation set
2022-11-19 22:54:06,954:INFO: - Eval metrics : accuracy: 0.141 ; loss: 3.455
2022-11-19 22:54:08,899:INFO: - Found new best accuracy
2022-11-19 22:54:08,900:INFO: 
Epoch 31/200
2022-11-19 22:54:41,471:INFO: - Train metrics: accuracy: 0.169 ; loss: 3.062
2022-11-19 22:54:41,472:INFO: Evaluating on validation set
2022-11-19 22:54:47,100:INFO: - Eval metrics : accuracy: 0.118 ; loss: 3.660
2022-11-19 22:54:48,061:INFO: 
Epoch 32/200
2022-11-19 22:55:20,466:INFO: - Train metrics: accuracy: 0.153 ; loss: 3.075
2022-11-19 22:55:20,466:INFO: Evaluating on validation set
2022-11-19 22:55:25,894:INFO: - Eval metrics : accuracy: 0.137 ; loss: 3.617
2022-11-19 22:55:26,850:INFO: 
Epoch 33/200
2022-11-19 22:55:59,186:INFO: - Train metrics: accuracy: 0.178 ; loss: 2.955
2022-11-19 22:55:59,186:INFO: Evaluating on validation set
2022-11-19 22:56:05,000:INFO: - Eval metrics : accuracy: 0.118 ; loss: 4.081
2022-11-19 22:56:05,938:INFO: 
Epoch 34/200
2022-11-19 22:56:38,300:INFO: - Train metrics: accuracy: 0.178 ; loss: 2.962
2022-11-19 22:56:38,301:INFO: Evaluating on validation set
2022-11-19 22:56:43,740:INFO: - Eval metrics : accuracy: 0.141 ; loss: 3.435
2022-11-19 22:56:45,685:INFO: - Found new best accuracy
2022-11-19 22:56:45,686:INFO: 
Epoch 35/200
2022-11-19 22:57:18,343:INFO: - Train metrics: accuracy: 0.219 ; loss: 2.852
2022-11-19 22:57:18,344:INFO: Evaluating on validation set
2022-11-19 22:57:23,956:INFO: - Eval metrics : accuracy: 0.126 ; loss: 3.779
2022-11-19 22:57:24,912:INFO: 
Epoch 36/200
2022-11-19 22:57:57,304:INFO: - Train metrics: accuracy: 0.178 ; loss: 2.873
2022-11-19 22:57:57,305:INFO: Evaluating on validation set
2022-11-19 22:58:03,096:INFO: - Eval metrics : accuracy: 0.150 ; loss: 3.608
2022-11-19 22:58:05,049:INFO: - Found new best accuracy
2022-11-19 22:58:05,050:INFO: 
Epoch 37/200
2022-11-19 22:58:37,504:INFO: - Train metrics: accuracy: 0.191 ; loss: 2.908
2022-11-19 22:58:37,505:INFO: Evaluating on validation set
2022-11-19 22:58:43,052:INFO: - Eval metrics : accuracy: 0.177 ; loss: 3.360
2022-11-19 22:58:44,989:INFO: - Found new best accuracy
2022-11-19 22:58:44,990:INFO: 
Epoch 38/200
2022-11-19 22:59:17,423:INFO: - Train metrics: accuracy: 0.150 ; loss: 2.966
2022-11-19 22:59:17,423:INFO: Evaluating on validation set
2022-11-19 22:59:22,957:INFO: - Eval metrics : accuracy: 0.159 ; loss: 3.571
2022-11-19 22:59:23,953:INFO: 
Epoch 39/200
2022-11-19 22:59:56,288:INFO: - Train metrics: accuracy: 0.228 ; loss: 2.830
2022-11-19 22:59:56,288:INFO: Evaluating on validation set
2022-11-19 23:00:01,925:INFO: - Eval metrics : accuracy: 0.154 ; loss: 3.860
2022-11-19 23:00:02,982:INFO: 
Epoch 40/200
2022-11-19 23:00:35,397:INFO: - Train metrics: accuracy: 0.188 ; loss: 2.874
2022-11-19 23:00:35,397:INFO: Evaluating on validation set
2022-11-19 23:00:40,898:INFO: - Eval metrics : accuracy: 0.154 ; loss: 3.451
2022-11-19 23:00:41,854:INFO: 
Epoch 41/200
2022-11-19 23:01:14,215:INFO: - Train metrics: accuracy: 0.225 ; loss: 2.681
2022-11-19 23:01:14,216:INFO: Evaluating on validation set
2022-11-19 23:01:19,742:INFO: - Eval metrics : accuracy: 0.142 ; loss: 4.112
2022-11-19 23:01:20,700:INFO: 
Epoch 42/200
2022-11-19 23:01:53,070:INFO: - Train metrics: accuracy: 0.181 ; loss: 2.857
2022-11-19 23:01:53,070:INFO: Evaluating on validation set
2022-11-19 23:01:58,568:INFO: - Eval metrics : accuracy: 0.139 ; loss: 3.393
2022-11-19 23:01:59,482:INFO: 
Epoch 43/200
2022-11-19 23:02:32,076:INFO: - Train metrics: accuracy: 0.244 ; loss: 2.775
2022-11-19 23:02:32,077:INFO: Evaluating on validation set
2022-11-19 23:02:37,556:INFO: - Eval metrics : accuracy: 0.130 ; loss: 3.705
2022-11-19 23:02:38,509:INFO: 
Epoch 44/200
2022-11-19 23:03:10,998:INFO: - Train metrics: accuracy: 0.237 ; loss: 2.664
2022-11-19 23:03:10,999:INFO: Evaluating on validation set
2022-11-19 23:03:16,454:INFO: - Eval metrics : accuracy: 0.173 ; loss: 3.545
2022-11-19 23:03:17,404:INFO: 
Epoch 45/200
2022-11-19 23:03:49,766:INFO: - Train metrics: accuracy: 0.253 ; loss: 2.691
2022-11-19 23:03:49,766:INFO: Evaluating on validation set
2022-11-19 23:03:55,172:INFO: - Eval metrics : accuracy: 0.172 ; loss: 3.276
2022-11-19 23:03:56,110:INFO: 
Epoch 46/200
2022-11-19 23:04:28,502:INFO: - Train metrics: accuracy: 0.281 ; loss: 2.489
2022-11-19 23:04:28,503:INFO: Evaluating on validation set
2022-11-19 23:04:33,858:INFO: - Eval metrics : accuracy: 0.173 ; loss: 3.628
2022-11-19 23:04:34,808:INFO: 
Epoch 47/200
2022-11-19 23:05:07,155:INFO: - Train metrics: accuracy: 0.294 ; loss: 2.574
2022-11-19 23:05:07,155:INFO: Evaluating on validation set
2022-11-19 23:05:12,419:INFO: - Eval metrics : accuracy: 0.177 ; loss: 3.525
2022-11-19 23:05:14,327:INFO: - Found new best accuracy
2022-11-19 23:05:14,328:INFO: 
Epoch 48/200
2022-11-19 23:05:46,744:INFO: - Train metrics: accuracy: 0.309 ; loss: 2.447
2022-11-19 23:05:46,745:INFO: Evaluating on validation set
2022-11-19 23:05:52,030:INFO: - Eval metrics : accuracy: 0.164 ; loss: 3.327
2022-11-19 23:05:52,973:INFO: 
Epoch 49/200
2022-11-19 23:06:25,346:INFO: - Train metrics: accuracy: 0.253 ; loss: 2.610
2022-11-19 23:06:25,346:INFO: Evaluating on validation set
2022-11-19 23:06:30,749:INFO: - Eval metrics : accuracy: 0.168 ; loss: 3.651
2022-11-19 23:06:31,701:INFO: 
Epoch 50/200
2022-11-19 23:07:04,046:INFO: - Train metrics: accuracy: 0.256 ; loss: 2.563
2022-11-19 23:07:04,046:INFO: Evaluating on validation set
2022-11-19 23:07:09,329:INFO: - Eval metrics : accuracy: 0.155 ; loss: 3.596
2022-11-19 23:07:10,286:INFO: 
Epoch 51/200
2022-11-19 23:07:42,768:INFO: - Train metrics: accuracy: 0.275 ; loss: 2.552
2022-11-19 23:07:42,769:INFO: Evaluating on validation set
2022-11-19 23:07:48,149:INFO: - Eval metrics : accuracy: 0.168 ; loss: 3.391
2022-11-19 23:07:49,068:INFO: 
Epoch 52/200
2022-11-19 23:08:21,528:INFO: - Train metrics: accuracy: 0.284 ; loss: 2.422
2022-11-19 23:08:21,529:INFO: Evaluating on validation set
2022-11-19 23:08:27,014:INFO: - Eval metrics : accuracy: 0.198 ; loss: 3.309
2022-11-19 23:08:28,949:INFO: - Found new best accuracy
2022-11-19 23:08:28,950:INFO: 
Epoch 53/200
2022-11-19 23:09:01,335:INFO: - Train metrics: accuracy: 0.300 ; loss: 2.479
2022-11-19 23:09:01,336:INFO: Evaluating on validation set
2022-11-19 23:09:07,086:INFO: - Eval metrics : accuracy: 0.191 ; loss: 3.615
2022-11-19 23:09:08,048:INFO: 
Epoch 54/200
2022-11-19 23:09:40,415:INFO: - Train metrics: accuracy: 0.284 ; loss: 2.453
2022-11-19 23:09:40,416:INFO: Evaluating on validation set
2022-11-19 23:09:45,746:INFO: - Eval metrics : accuracy: 0.163 ; loss: 3.559
2022-11-19 23:09:46,693:INFO: 
Epoch 55/200
2022-11-19 23:10:19,223:INFO: - Train metrics: accuracy: 0.275 ; loss: 2.431
2022-11-19 23:10:19,224:INFO: Evaluating on validation set
2022-11-19 23:10:24,565:INFO: - Eval metrics : accuracy: 0.199 ; loss: 3.361
2022-11-19 23:10:26,493:INFO: - Found new best accuracy
2022-11-19 23:10:26,494:INFO: 
Epoch 56/200
2022-11-19 23:10:58,860:INFO: - Train metrics: accuracy: 0.291 ; loss: 2.550
2022-11-19 23:10:58,861:INFO: Evaluating on validation set
2022-11-19 23:11:04,541:INFO: - Eval metrics : accuracy: 0.189 ; loss: 3.518
2022-11-19 23:11:05,476:INFO: 
Epoch 57/200
2022-11-19 23:11:37,849:INFO: - Train metrics: accuracy: 0.284 ; loss: 2.400
2022-11-19 23:11:37,850:INFO: Evaluating on validation set
2022-11-19 23:11:43,175:INFO: - Eval metrics : accuracy: 0.201 ; loss: 3.475
2022-11-19 23:11:45,116:INFO: - Found new best accuracy
2022-11-19 23:11:45,117:INFO: 
Epoch 58/200
2022-11-19 23:12:17,505:INFO: - Train metrics: accuracy: 0.269 ; loss: 2.588
2022-11-19 23:12:17,506:INFO: Evaluating on validation set
2022-11-19 23:12:22,829:INFO: - Eval metrics : accuracy: 0.204 ; loss: 3.367
2022-11-19 23:12:24,718:INFO: - Found new best accuracy
2022-11-19 23:12:24,719:INFO: 
Epoch 59/200
2022-11-19 23:12:57,137:INFO: - Train metrics: accuracy: 0.303 ; loss: 2.354
2022-11-19 23:12:57,138:INFO: Evaluating on validation set
2022-11-19 23:13:03,179:INFO: - Eval metrics : accuracy: 0.201 ; loss: 3.319
2022-11-19 23:13:04,132:INFO: 
Epoch 60/200
2022-11-19 23:13:36,511:INFO: - Train metrics: accuracy: 0.331 ; loss: 2.261
2022-11-19 23:13:36,512:INFO: Evaluating on validation set
2022-11-19 23:13:42,158:INFO: - Eval metrics : accuracy: 0.206 ; loss: 3.399
2022-11-19 23:13:44,042:INFO: - Found new best accuracy
2022-11-19 23:13:44,043:INFO: 
Epoch 61/200
2022-11-19 23:14:16,648:INFO: - Train metrics: accuracy: 0.300 ; loss: 2.354
2022-11-19 23:14:16,649:INFO: Evaluating on validation set
2022-11-19 23:14:22,247:INFO: - Eval metrics : accuracy: 0.167 ; loss: 4.020
2022-11-19 23:14:23,206:INFO: 
Epoch 62/200
2022-11-19 23:14:55,631:INFO: - Train metrics: accuracy: 0.312 ; loss: 2.361
2022-11-19 23:14:55,631:INFO: Evaluating on validation set
2022-11-19 23:15:01,331:INFO: - Eval metrics : accuracy: 0.208 ; loss: 3.199
2022-11-19 23:15:03,489:INFO: - Found new best accuracy
2022-11-19 23:15:03,490:INFO: 
Epoch 63/200
2022-11-19 23:15:35,885:INFO: - Train metrics: accuracy: 0.275 ; loss: 2.395
2022-11-19 23:15:35,885:INFO: Evaluating on validation set
2022-11-19 23:15:41,522:INFO: - Eval metrics : accuracy: 0.173 ; loss: 3.677
2022-11-19 23:15:42,489:INFO: 
Epoch 64/200
2022-11-19 23:16:15,110:INFO: - Train metrics: accuracy: 0.350 ; loss: 2.288
2022-11-19 23:16:15,111:INFO: Evaluating on validation set
2022-11-19 23:16:20,777:INFO: - Eval metrics : accuracy: 0.176 ; loss: 4.018
2022-11-19 23:16:21,735:INFO: 
Epoch 65/200
2022-11-19 23:16:54,231:INFO: - Train metrics: accuracy: 0.331 ; loss: 2.247
2022-11-19 23:16:54,232:INFO: Evaluating on validation set
2022-11-19 23:16:59,911:INFO: - Eval metrics : accuracy: 0.233 ; loss: 3.261
2022-11-19 23:17:01,948:INFO: - Found new best accuracy
2022-11-19 23:17:01,950:INFO: 
Epoch 66/200
2022-11-19 23:17:34,442:INFO: - Train metrics: accuracy: 0.334 ; loss: 2.183
2022-11-19 23:17:34,443:INFO: Evaluating on validation set
2022-11-19 23:17:40,183:INFO: - Eval metrics : accuracy: 0.212 ; loss: 3.709
2022-11-19 23:17:41,133:INFO: 
Epoch 67/200
2022-11-19 23:18:13,701:INFO: - Train metrics: accuracy: 0.353 ; loss: 2.182
2022-11-19 23:18:13,701:INFO: Evaluating on validation set
2022-11-19 23:18:19,415:INFO: - Eval metrics : accuracy: 0.217 ; loss: 3.356
2022-11-19 23:18:20,375:INFO: 
Epoch 68/200
2022-11-19 23:18:52,751:INFO: - Train metrics: accuracy: 0.369 ; loss: 2.213
2022-11-19 23:18:52,752:INFO: Evaluating on validation set
2022-11-19 23:18:58,422:INFO: - Eval metrics : accuracy: 0.195 ; loss: 3.471
2022-11-19 23:18:59,349:INFO: 
Epoch 69/200
2022-11-19 23:19:32,048:INFO: - Train metrics: accuracy: 0.338 ; loss: 2.157
2022-11-19 23:19:32,049:INFO: Evaluating on validation set
2022-11-19 23:19:37,797:INFO: - Eval metrics : accuracy: 0.208 ; loss: 3.397
2022-11-19 23:19:38,760:INFO: 
Epoch 70/200
2022-11-19 23:20:11,276:INFO: - Train metrics: accuracy: 0.347 ; loss: 2.267
2022-11-19 23:20:11,277:INFO: Evaluating on validation set
2022-11-19 23:20:16,868:INFO: - Eval metrics : accuracy: 0.150 ; loss: 3.827
2022-11-19 23:20:17,825:INFO: 
Epoch 71/200
2022-11-19 23:20:52,040:INFO: - Train metrics: accuracy: 0.434 ; loss: 2.000
2022-11-19 23:20:52,040:INFO: Evaluating on validation set
2022-11-19 23:20:57,642:INFO: - Eval metrics : accuracy: 0.214 ; loss: 3.662
2022-11-19 23:20:58,602:INFO: 
Epoch 72/200
2022-11-19 23:21:32,011:INFO: - Train metrics: accuracy: 0.428 ; loss: 1.938
2022-11-19 23:21:32,011:INFO: Evaluating on validation set
2022-11-19 23:21:37,711:INFO: - Eval metrics : accuracy: 0.188 ; loss: 3.600
2022-11-19 23:21:38,680:INFO: 
Epoch 73/200
2022-11-19 23:22:11,559:INFO: - Train metrics: accuracy: 0.428 ; loss: 1.957
2022-11-19 23:22:11,559:INFO: Evaluating on validation set
2022-11-19 23:22:18,033:INFO: - Eval metrics : accuracy: 0.220 ; loss: 3.544
2022-11-19 23:22:18,998:INFO: 
Epoch 74/200
2022-11-19 23:22:52,043:INFO: - Train metrics: accuracy: 0.375 ; loss: 2.093
2022-11-19 23:22:52,043:INFO: Evaluating on validation set
2022-11-19 23:22:58,043:INFO: - Eval metrics : accuracy: 0.195 ; loss: 3.446
2022-11-19 23:22:59,011:INFO: 
Epoch 75/200
2022-11-19 23:23:32,856:INFO: - Train metrics: accuracy: 0.412 ; loss: 2.021
2022-11-19 23:23:32,856:INFO: Evaluating on validation set
2022-11-19 23:23:38,382:INFO: - Eval metrics : accuracy: 0.221 ; loss: 3.610
2022-11-19 23:23:39,323:INFO: 
Epoch 76/200
2022-11-19 23:24:11,712:INFO: - Train metrics: accuracy: 0.416 ; loss: 1.912
2022-11-19 23:24:11,713:INFO: Evaluating on validation set
2022-11-19 23:24:17,168:INFO: - Eval metrics : accuracy: 0.178 ; loss: 3.948
2022-11-19 23:24:18,117:INFO: 
Epoch 77/200
2022-11-19 23:24:50,555:INFO: - Train metrics: accuracy: 0.419 ; loss: 1.914
2022-11-19 23:24:50,556:INFO: Evaluating on validation set
2022-11-19 23:24:56,035:INFO: - Eval metrics : accuracy: 0.199 ; loss: 3.640
2022-11-19 23:24:57,004:INFO: 
Epoch 78/200
2022-11-19 23:25:29,748:INFO: - Train metrics: accuracy: 0.441 ; loss: 1.965
2022-11-19 23:25:29,749:INFO: Evaluating on validation set
2022-11-19 23:25:35,412:INFO: - Eval metrics : accuracy: 0.219 ; loss: 3.785
2022-11-19 23:25:36,384:INFO: 
Epoch 79/200
2022-11-19 23:26:08,738:INFO: - Train metrics: accuracy: 0.425 ; loss: 1.940
2022-11-19 23:26:08,739:INFO: Evaluating on validation set
2022-11-19 23:26:14,307:INFO: - Eval metrics : accuracy: 0.206 ; loss: 3.610
2022-11-19 23:26:15,168:INFO: 
Epoch 80/200
2022-11-19 23:26:47,619:INFO: - Train metrics: accuracy: 0.438 ; loss: 1.819
2022-11-19 23:26:47,620:INFO: Evaluating on validation set
2022-11-19 23:26:53,301:INFO: - Eval metrics : accuracy: 0.208 ; loss: 3.890
2022-11-19 23:26:54,302:INFO: 
Epoch 81/200
2022-11-19 23:27:26,844:INFO: - Train metrics: accuracy: 0.481 ; loss: 1.796
2022-11-19 23:27:26,845:INFO: Evaluating on validation set
2022-11-19 23:27:32,531:INFO: - Eval metrics : accuracy: 0.176 ; loss: 4.047
2022-11-19 23:27:33,503:INFO: 
Epoch 82/200
2022-11-19 23:28:05,989:INFO: - Train metrics: accuracy: 0.434 ; loss: 1.846
2022-11-19 23:28:05,990:INFO: Evaluating on validation set
2022-11-19 23:28:11,617:INFO: - Eval metrics : accuracy: 0.194 ; loss: 3.915
2022-11-19 23:28:12,622:INFO: 
Epoch 83/200
2022-11-19 23:28:45,123:INFO: - Train metrics: accuracy: 0.422 ; loss: 1.872
2022-11-19 23:28:45,123:INFO: Evaluating on validation set
2022-11-19 23:28:50,755:INFO: - Eval metrics : accuracy: 0.227 ; loss: 3.670
2022-11-19 23:28:51,713:INFO: 
Epoch 84/200
2022-11-19 23:29:24,100:INFO: - Train metrics: accuracy: 0.463 ; loss: 1.803
2022-11-19 23:29:24,101:INFO: Evaluating on validation set
2022-11-19 23:29:29,654:INFO: - Eval metrics : accuracy: 0.173 ; loss: 5.041
2022-11-19 23:29:30,634:INFO: 
Epoch 85/200
2022-11-19 23:30:03,107:INFO: - Train metrics: accuracy: 0.503 ; loss: 1.593
2022-11-19 23:30:03,108:INFO: Evaluating on validation set
2022-11-19 23:30:08,761:INFO: - Eval metrics : accuracy: 0.181 ; loss: 4.137
2022-11-19 23:30:09,713:INFO: 
Epoch 86/200
2022-11-19 23:30:42,099:INFO: - Train metrics: accuracy: 0.494 ; loss: 1.695
2022-11-19 23:30:42,099:INFO: Evaluating on validation set
2022-11-19 23:30:47,741:INFO: - Eval metrics : accuracy: 0.216 ; loss: 3.901
2022-11-19 23:30:48,698:INFO: 
Epoch 87/200
2022-11-19 23:31:21,342:INFO: - Train metrics: accuracy: 0.506 ; loss: 1.659
2022-11-19 23:31:21,343:INFO: Evaluating on validation set
2022-11-19 23:31:26,958:INFO: - Eval metrics : accuracy: 0.199 ; loss: 4.501
2022-11-19 23:31:27,925:INFO: 
Epoch 88/200
2022-11-19 23:32:00,504:INFO: - Train metrics: accuracy: 0.481 ; loss: 1.706
2022-11-19 23:32:00,505:INFO: Evaluating on validation set
2022-11-19 23:32:06,796:INFO: - Eval metrics : accuracy: 0.217 ; loss: 4.299
2022-11-19 23:32:07,714:INFO: 
Epoch 89/200
2022-11-19 23:32:40,260:INFO: - Train metrics: accuracy: 0.481 ; loss: 1.666
2022-11-19 23:32:40,261:INFO: Evaluating on validation set
2022-11-19 23:32:46,167:INFO: - Eval metrics : accuracy: 0.201 ; loss: 4.269
2022-11-19 23:32:47,165:INFO: 
Epoch 90/200
2022-11-19 23:33:20,053:INFO: - Train metrics: accuracy: 0.509 ; loss: 1.645
2022-11-19 23:33:20,054:INFO: Evaluating on validation set
2022-11-19 23:33:25,852:INFO: - Eval metrics : accuracy: 0.181 ; loss: 4.338
2022-11-19 23:33:26,836:INFO: 
Epoch 91/200
2022-11-19 23:33:59,317:INFO: - Train metrics: accuracy: 0.516 ; loss: 1.600
2022-11-19 23:33:59,318:INFO: Evaluating on validation set
2022-11-19 23:34:06,119:INFO: - Eval metrics : accuracy: 0.217 ; loss: 3.918
2022-11-19 23:34:07,133:INFO: 
Epoch 92/200
2022-11-19 23:34:39,718:INFO: - Train metrics: accuracy: 0.544 ; loss: 1.434
2022-11-19 23:34:39,718:INFO: Evaluating on validation set
2022-11-19 23:34:45,809:INFO: - Eval metrics : accuracy: 0.221 ; loss: 4.558
2022-11-19 23:34:46,827:INFO: 
Epoch 93/200
2022-11-19 23:35:20,133:INFO: - Train metrics: accuracy: 0.569 ; loss: 1.487
2022-11-19 23:35:20,134:INFO: Evaluating on validation set
2022-11-19 23:35:26,069:INFO: - Eval metrics : accuracy: 0.237 ; loss: 4.061
2022-11-19 23:35:28,051:INFO: - Found new best accuracy
2022-11-19 23:35:28,053:INFO: 
Epoch 94/200
2022-11-19 23:36:02,005:INFO: - Train metrics: accuracy: 0.553 ; loss: 1.439
2022-11-19 23:36:02,006:INFO: Evaluating on validation set
2022-11-19 23:36:08,125:INFO: - Eval metrics : accuracy: 0.202 ; loss: 4.599
2022-11-19 23:36:09,102:INFO: 
Epoch 95/200
2022-11-19 23:36:43,013:INFO: - Train metrics: accuracy: 0.541 ; loss: 1.484
2022-11-19 23:36:43,014:INFO: Evaluating on validation set
2022-11-19 23:36:48,945:INFO: - Eval metrics : accuracy: 0.207 ; loss: 4.332
2022-11-19 23:36:49,929:INFO: 
Epoch 96/200
2022-11-19 23:37:22,974:INFO: - Train metrics: accuracy: 0.562 ; loss: 1.437
2022-11-19 23:37:22,975:INFO: Evaluating on validation set
2022-11-19 23:37:28,884:INFO: - Eval metrics : accuracy: 0.172 ; loss: 5.087
2022-11-19 23:37:29,865:INFO: 
Epoch 97/200
2022-11-19 23:38:02,385:INFO: - Train metrics: accuracy: 0.566 ; loss: 1.418
2022-11-19 23:38:02,386:INFO: Evaluating on validation set
2022-11-19 23:38:08,234:INFO: - Eval metrics : accuracy: 0.191 ; loss: 4.468
2022-11-19 23:38:09,217:INFO: 
Epoch 98/200
2022-11-19 23:38:41,868:INFO: - Train metrics: accuracy: 0.594 ; loss: 1.337
2022-11-19 23:38:41,869:INFO: Evaluating on validation set
2022-11-19 23:38:47,748:INFO: - Eval metrics : accuracy: 0.234 ; loss: 4.352
2022-11-19 23:38:48,692:INFO: 
Epoch 99/200
2022-11-19 23:39:21,368:INFO: - Train metrics: accuracy: 0.600 ; loss: 1.346
2022-11-19 23:39:21,369:INFO: Evaluating on validation set
2022-11-19 23:39:27,055:INFO: - Eval metrics : accuracy: 0.237 ; loss: 4.152
2022-11-19 23:39:29,035:INFO: - Found new best accuracy
2022-11-19 23:39:29,036:INFO: 
Epoch 100/200
2022-11-19 23:40:01,549:INFO: - Train metrics: accuracy: 0.647 ; loss: 1.240
2022-11-19 23:40:01,549:INFO: Evaluating on validation set
2022-11-19 23:40:07,620:INFO: - Eval metrics : accuracy: 0.202 ; loss: 4.717
2022-11-19 23:40:08,589:INFO: 
Epoch 101/200
2022-11-19 23:40:41,136:INFO: - Train metrics: accuracy: 0.697 ; loss: 1.033
2022-11-19 23:40:41,137:INFO: Evaluating on validation set
2022-11-19 23:40:46,914:INFO: - Eval metrics : accuracy: 0.277 ; loss: 3.681
2022-11-19 23:40:48,799:INFO: - Found new best accuracy
2022-11-19 23:40:48,810:INFO: 
Epoch 102/200
2022-11-19 23:41:21,579:INFO: - Train metrics: accuracy: 0.787 ; loss: 0.725
2022-11-19 23:41:21,580:INFO: Evaluating on validation set
2022-11-19 23:41:27,415:INFO: - Eval metrics : accuracy: 0.288 ; loss: 3.718
2022-11-19 23:41:29,413:INFO: - Found new best accuracy
2022-11-19 23:41:29,414:INFO: 
Epoch 103/200
2022-11-19 23:42:02,128:INFO: - Train metrics: accuracy: 0.847 ; loss: 0.619
2022-11-19 23:42:02,130:INFO: Evaluating on validation set
2022-11-19 23:42:08,110:INFO: - Eval metrics : accuracy: 0.280 ; loss: 3.857
2022-11-19 23:42:09,078:INFO: 
Epoch 104/200
2022-11-19 23:42:42,099:INFO: - Train metrics: accuracy: 0.838 ; loss: 0.558
2022-11-19 23:42:42,100:INFO: Evaluating on validation set
2022-11-19 23:42:47,939:INFO: - Eval metrics : accuracy: 0.289 ; loss: 3.811
2022-11-19 23:42:49,660:INFO: - Found new best accuracy
2022-11-19 23:42:49,662:INFO: 
Epoch 105/200
2022-11-19 23:43:22,322:INFO: - Train metrics: accuracy: 0.856 ; loss: 0.552
2022-11-19 23:43:22,323:INFO: Evaluating on validation set
2022-11-19 23:43:28,203:INFO: - Eval metrics : accuracy: 0.296 ; loss: 3.840
2022-11-19 23:43:30,113:INFO: - Found new best accuracy
2022-11-19 23:43:30,115:INFO: 
Epoch 106/200
2022-11-19 23:44:03,148:INFO: - Train metrics: accuracy: 0.875 ; loss: 0.530
2022-11-19 23:44:03,149:INFO: Evaluating on validation set
2022-11-19 23:44:09,010:INFO: - Eval metrics : accuracy: 0.283 ; loss: 3.990
2022-11-19 23:44:09,940:INFO: 
Epoch 107/200
2022-11-19 23:44:42,718:INFO: - Train metrics: accuracy: 0.819 ; loss: 0.576
2022-11-19 23:44:42,719:INFO: Evaluating on validation set
2022-11-19 23:44:48,648:INFO: - Eval metrics : accuracy: 0.280 ; loss: 3.954
2022-11-19 23:44:49,640:INFO: 
Epoch 108/200
2022-11-19 23:45:22,602:INFO: - Train metrics: accuracy: 0.844 ; loss: 0.547
2022-11-19 23:45:22,603:INFO: Evaluating on validation set
2022-11-19 23:45:28,499:INFO: - Eval metrics : accuracy: 0.276 ; loss: 4.121
2022-11-19 23:45:29,474:INFO: 
Epoch 109/200
2022-11-19 23:46:02,257:INFO: - Train metrics: accuracy: 0.872 ; loss: 0.513
2022-11-19 23:46:02,258:INFO: Evaluating on validation set
2022-11-19 23:46:08,025:INFO: - Eval metrics : accuracy: 0.292 ; loss: 4.027
2022-11-19 23:46:09,001:INFO: 
Epoch 110/200
2022-11-19 23:46:41,566:INFO: - Train metrics: accuracy: 0.866 ; loss: 0.422
2022-11-19 23:46:41,566:INFO: Evaluating on validation set
2022-11-19 23:46:47,373:INFO: - Eval metrics : accuracy: 0.296 ; loss: 4.231
2022-11-19 23:46:49,349:INFO: - Found new best accuracy
2022-11-19 23:46:49,350:INFO: 
Epoch 111/200
2022-11-19 23:47:22,131:INFO: - Train metrics: accuracy: 0.844 ; loss: 0.534
2022-11-19 23:47:22,132:INFO: Evaluating on validation set
2022-11-19 23:47:28,009:INFO: - Eval metrics : accuracy: 0.272 ; loss: 4.138
2022-11-19 23:47:28,982:INFO: 
Epoch 112/200
2022-11-19 23:48:01,550:INFO: - Train metrics: accuracy: 0.869 ; loss: 0.465
2022-11-19 23:48:01,552:INFO: Evaluating on validation set
2022-11-19 23:48:07,591:INFO: - Eval metrics : accuracy: 0.293 ; loss: 4.120
2022-11-19 23:48:08,574:INFO: 
Epoch 113/200
2022-11-19 23:48:41,065:INFO: - Train metrics: accuracy: 0.916 ; loss: 0.376
2022-11-19 23:48:41,066:INFO: Evaluating on validation set
2022-11-19 23:48:46,973:INFO: - Eval metrics : accuracy: 0.292 ; loss: 4.193
2022-11-19 23:48:47,950:INFO: 
Epoch 114/200
2022-11-19 23:49:20,717:INFO: - Train metrics: accuracy: 0.875 ; loss: 0.451
2022-11-19 23:49:20,717:INFO: Evaluating on validation set
2022-11-19 23:49:26,490:INFO: - Eval metrics : accuracy: 0.289 ; loss: 4.203
2022-11-19 23:49:27,466:INFO: 
Epoch 115/200
2022-11-19 23:50:00,038:INFO: - Train metrics: accuracy: 0.872 ; loss: 0.468
2022-11-19 23:50:00,039:INFO: Evaluating on validation set
2022-11-19 23:50:06,204:INFO: - Eval metrics : accuracy: 0.289 ; loss: 4.468
2022-11-19 23:50:07,179:INFO: 
Epoch 116/200
2022-11-19 23:50:39,636:INFO: - Train metrics: accuracy: 0.887 ; loss: 0.411
2022-11-19 23:50:39,637:INFO: Evaluating on validation set
2022-11-19 23:50:45,514:INFO: - Eval metrics : accuracy: 0.281 ; loss: 4.167
2022-11-19 23:50:46,497:INFO: 
Epoch 117/200
2022-11-19 23:51:19,171:INFO: - Train metrics: accuracy: 0.894 ; loss: 0.364
2022-11-19 23:51:19,171:INFO: Evaluating on validation set
2022-11-19 23:51:25,363:INFO: - Eval metrics : accuracy: 0.288 ; loss: 4.212
2022-11-19 23:51:26,369:INFO: 
Epoch 118/200
2022-11-19 23:51:59,268:INFO: - Train metrics: accuracy: 0.800 ; loss: 0.549
2022-11-19 23:51:59,268:INFO: Evaluating on validation set
2022-11-19 23:52:05,622:INFO: - Eval metrics : accuracy: 0.284 ; loss: 4.284
2022-11-19 23:52:06,648:INFO: 
Epoch 119/200
2022-11-19 23:52:39,549:INFO: - Train metrics: accuracy: 0.863 ; loss: 0.438
2022-11-19 23:52:39,549:INFO: Evaluating on validation set
2022-11-19 23:52:45,478:INFO: - Eval metrics : accuracy: 0.283 ; loss: 4.353
2022-11-19 23:52:46,460:INFO: 
Epoch 120/200
2022-11-19 23:53:20,145:INFO: - Train metrics: accuracy: 0.894 ; loss: 0.378
2022-11-19 23:53:20,146:INFO: Evaluating on validation set
2022-11-19 23:53:26,005:INFO: - Eval metrics : accuracy: 0.290 ; loss: 4.257
2022-11-19 23:53:26,990:INFO: 
Epoch 121/200
2022-11-19 23:53:59,755:INFO: - Train metrics: accuracy: 0.859 ; loss: 0.440
2022-11-19 23:53:59,755:INFO: Evaluating on validation set
2022-11-19 23:54:06,016:INFO: - Eval metrics : accuracy: 0.288 ; loss: 4.499
2022-11-19 23:54:06,993:INFO: 
Epoch 122/200
2022-11-19 23:54:39,598:INFO: - Train metrics: accuracy: 0.878 ; loss: 0.467
2022-11-19 23:54:39,599:INFO: Evaluating on validation set
2022-11-19 23:54:45,558:INFO: - Eval metrics : accuracy: 0.285 ; loss: 4.467
2022-11-19 23:54:46,545:INFO: 
Epoch 123/200
2022-11-19 23:55:19,414:INFO: - Train metrics: accuracy: 0.906 ; loss: 0.354
2022-11-19 23:55:19,415:INFO: Evaluating on validation set
2022-11-19 23:55:25,237:INFO: - Eval metrics : accuracy: 0.292 ; loss: 4.299
2022-11-19 23:55:26,218:INFO: 
Epoch 124/200
2022-11-19 23:55:58,813:INFO: - Train metrics: accuracy: 0.884 ; loss: 0.362
2022-11-19 23:55:58,814:INFO: Evaluating on validation set
2022-11-19 23:56:05,162:INFO: - Eval metrics : accuracy: 0.284 ; loss: 4.358
2022-11-19 23:56:06,141:INFO: 
Epoch 125/200
2022-11-19 23:56:39,168:INFO: - Train metrics: accuracy: 0.909 ; loss: 0.380
2022-11-19 23:56:39,169:INFO: Evaluating on validation set
2022-11-19 23:56:45,020:INFO: - Eval metrics : accuracy: 0.294 ; loss: 4.526
2022-11-19 23:56:46,001:INFO: 
Epoch 126/200
