2022-12-02 03:54:30,078:INFO: Loading the datasets...
2022-12-02 03:54:30,227:INFO: Dataloading done.
2022-12-02 03:54:30,365:INFO: Initializing Weights
2022-12-02 03:54:32,530:INFO: Using Distillation
2022-12-02 03:54:32,823:INFO: Initializing Weights
2022-12-02 03:54:33,138:INFO: Experiment - model version: resnet18
2022-12-02 03:54:33,138:INFO: Starting KD training for 200 epoch(s)
2022-12-02 03:54:33,138:INFO: First, loading the teacher model and computing its outputs...
2022-12-02 03:54:33,140:INFO: 
Epoch 1/200
2022-12-02 03:56:06,560:INFO: - Train metrics: accuracy: 0.028 ; kd_loss: 4.940 ; reg_loss: 6.304 ; loss: 11.244
2022-12-02 03:56:06,778:INFO: Evaluating on validation set
2022-12-02 03:56:12,112:INFO: - Eval metrics : accuracy: 0.035 ; total_loss: 0.000
2022-12-02 03:56:12,324:INFO: - Found new best accuracy
2022-12-02 03:56:12,325:INFO: 
Epoch 2/200
2022-12-02 03:57:44,420:INFO: - Train metrics: accuracy: 0.044 ; kd_loss: 4.999 ; reg_loss: 4.522 ; loss: 9.521
2022-12-02 03:57:44,626:INFO: Evaluating on validation set
2022-12-02 03:57:49,892:INFO: - Eval metrics : accuracy: 0.042 ; total_loss: 0.000
2022-12-02 03:57:50,617:INFO: - Found new best accuracy
2022-12-02 03:57:50,618:INFO: 
Epoch 3/200
2022-12-02 03:59:22,812:INFO: - Train metrics: accuracy: 0.059 ; kd_loss: 4.768 ; reg_loss: 5.174 ; loss: 9.942
2022-12-02 03:59:23,018:INFO: Evaluating on validation set
2022-12-02 03:59:28,546:INFO: - Eval metrics : accuracy: 0.039 ; total_loss: 0.000
2022-12-02 03:59:28,939:INFO: 
Epoch 4/200
2022-12-02 04:01:01,212:INFO: - Train metrics: accuracy: 0.037 ; kd_loss: 4.853 ; reg_loss: 4.393 ; loss: 9.246
2022-12-02 04:01:01,428:INFO: Evaluating on validation set
2022-12-02 04:01:07,037:INFO: - Eval metrics : accuracy: 0.038 ; total_loss: 0.000
2022-12-02 04:01:07,409:INFO: 
Epoch 5/200
2022-12-02 04:02:39,640:INFO: - Train metrics: accuracy: 0.066 ; kd_loss: 4.895 ; reg_loss: 4.819 ; loss: 9.714
2022-12-02 04:02:39,846:INFO: Evaluating on validation set
2022-12-02 04:02:45,200:INFO: - Eval metrics : accuracy: 0.042 ; total_loss: 0.000
2022-12-02 04:02:45,961:INFO: - Found new best accuracy
2022-12-02 04:02:45,963:INFO: 
Epoch 6/200
2022-12-02 04:04:18,252:INFO: - Train metrics: accuracy: 0.056 ; kd_loss: 4.817 ; reg_loss: 5.056 ; loss: 9.873
2022-12-02 04:04:18,458:INFO: Evaluating on validation set
2022-12-02 04:04:23,693:INFO: - Eval metrics : accuracy: 0.034 ; total_loss: 0.000
2022-12-02 04:04:24,046:INFO: 
Epoch 7/200
2022-12-02 04:05:56,207:INFO: - Train metrics: accuracy: 0.044 ; kd_loss: 4.851 ; reg_loss: 3.854 ; loss: 8.705
2022-12-02 04:05:56,412:INFO: Evaluating on validation set
2022-12-02 04:06:01,744:INFO: - Eval metrics : accuracy: 0.049 ; total_loss: 0.000
2022-12-02 04:06:02,577:INFO: - Found new best accuracy
2022-12-02 04:06:02,578:INFO: 
Epoch 8/200
2022-12-02 04:07:34,836:INFO: - Train metrics: accuracy: 0.050 ; kd_loss: 4.651 ; reg_loss: 4.246 ; loss: 8.897
2022-12-02 04:07:35,041:INFO: Evaluating on validation set
2022-12-02 04:07:40,313:INFO: - Eval metrics : accuracy: 0.046 ; total_loss: 0.000
2022-12-02 04:07:40,727:INFO: 
Epoch 9/200
2022-12-02 04:09:12,889:INFO: - Train metrics: accuracy: 0.025 ; kd_loss: 4.447 ; reg_loss: 5.259 ; loss: 9.706
2022-12-02 04:09:13,094:INFO: Evaluating on validation set
2022-12-02 04:09:18,377:INFO: - Eval metrics : accuracy: 0.037 ; total_loss: 0.000
2022-12-02 04:09:18,768:INFO: 
Epoch 10/200
2022-12-02 04:10:50,981:INFO: - Train metrics: accuracy: 0.037 ; kd_loss: 4.519 ; reg_loss: 4.008 ; loss: 8.526
2022-12-02 04:10:51,186:INFO: Evaluating on validation set
2022-12-02 04:10:56,494:INFO: - Eval metrics : accuracy: 0.064 ; total_loss: 0.000
2022-12-02 04:10:57,222:INFO: - Found new best accuracy
2022-12-02 04:10:57,223:INFO: 
Epoch 11/200
2022-12-02 04:12:29,453:INFO: - Train metrics: accuracy: 0.075 ; kd_loss: 4.639 ; reg_loss: 4.736 ; loss: 9.374
2022-12-02 04:12:29,659:INFO: Evaluating on validation set
2022-12-02 04:12:35,052:INFO: - Eval metrics : accuracy: 0.057 ; total_loss: 0.000
2022-12-02 04:12:35,451:INFO: 
Epoch 12/200
2022-12-02 04:14:07,642:INFO: - Train metrics: accuracy: 0.069 ; kd_loss: 4.457 ; reg_loss: 4.603 ; loss: 9.060
2022-12-02 04:14:07,847:INFO: Evaluating on validation set
2022-12-02 04:14:13,156:INFO: - Eval metrics : accuracy: 0.054 ; total_loss: 0.000
2022-12-02 04:14:13,540:INFO: 
Epoch 13/200
2022-12-02 04:15:45,793:INFO: - Train metrics: accuracy: 0.078 ; kd_loss: 4.228 ; reg_loss: 5.201 ; loss: 9.429
2022-12-02 04:15:45,999:INFO: Evaluating on validation set
2022-12-02 04:15:51,431:INFO: - Eval metrics : accuracy: 0.080 ; total_loss: 0.000
2022-12-02 04:15:52,157:INFO: - Found new best accuracy
2022-12-02 04:15:52,159:INFO: 
Epoch 14/200
2022-12-02 04:17:24,466:INFO: - Train metrics: accuracy: 0.062 ; kd_loss: 4.513 ; reg_loss: 4.433 ; loss: 8.945
2022-12-02 04:17:24,672:INFO: Evaluating on validation set
2022-12-02 04:17:29,882:INFO: - Eval metrics : accuracy: 0.058 ; total_loss: 0.000
2022-12-02 04:17:30,284:INFO: 
Epoch 15/200
2022-12-02 04:19:02,499:INFO: - Train metrics: accuracy: 0.062 ; kd_loss: 4.677 ; reg_loss: 4.607 ; loss: 9.284
2022-12-02 04:19:02,704:INFO: Evaluating on validation set
2022-12-02 04:19:07,922:INFO: - Eval metrics : accuracy: 0.076 ; total_loss: 0.000
2022-12-02 04:19:08,305:INFO: 
Epoch 16/200
2022-12-02 04:20:40,455:INFO: - Train metrics: accuracy: 0.081 ; kd_loss: 4.328 ; reg_loss: 4.903 ; loss: 9.231
2022-12-02 04:20:40,661:INFO: Evaluating on validation set
2022-12-02 04:20:45,919:INFO: - Eval metrics : accuracy: 0.087 ; total_loss: 0.000
2022-12-02 04:20:46,651:INFO: - Found new best accuracy
2022-12-02 04:20:46,652:INFO: 
Epoch 17/200
2022-12-02 04:22:18,888:INFO: - Train metrics: accuracy: 0.062 ; kd_loss: 4.485 ; reg_loss: 4.379 ; loss: 8.863
2022-12-02 04:22:19,094:INFO: Evaluating on validation set
2022-12-02 04:22:24,824:INFO: - Eval metrics : accuracy: 0.071 ; total_loss: 0.000
2022-12-02 04:22:25,151:INFO: 
Epoch 18/200
2022-12-02 04:23:57,365:INFO: - Train metrics: accuracy: 0.053 ; kd_loss: 4.546 ; reg_loss: 4.967 ; loss: 9.513
2022-12-02 04:23:57,570:INFO: Evaluating on validation set
2022-12-02 04:24:03,327:INFO: - Eval metrics : accuracy: 0.062 ; total_loss: 0.000
2022-12-02 04:24:03,727:INFO: 
Epoch 19/200
2022-12-02 04:25:35,958:INFO: - Train metrics: accuracy: 0.072 ; kd_loss: 4.323 ; reg_loss: 4.786 ; loss: 9.109
2022-12-02 04:25:36,164:INFO: Evaluating on validation set
2022-12-02 04:25:41,674:INFO: - Eval metrics : accuracy: 0.092 ; total_loss: 0.000
2022-12-02 04:25:42,436:INFO: - Found new best accuracy
2022-12-02 04:25:42,437:INFO: 
Epoch 20/200
2022-12-02 04:27:14,615:INFO: - Train metrics: accuracy: 0.066 ; kd_loss: 4.264 ; reg_loss: 4.621 ; loss: 8.884
2022-12-02 04:27:14,821:INFO: Evaluating on validation set
2022-12-02 04:27:20,062:INFO: - Eval metrics : accuracy: 0.079 ; total_loss: 0.000
2022-12-02 04:27:20,451:INFO: 
Epoch 21/200
2022-12-02 04:28:52,752:INFO: - Train metrics: accuracy: 0.081 ; kd_loss: 4.229 ; reg_loss: 4.349 ; loss: 8.577
2022-12-02 04:28:52,958:INFO: Evaluating on validation set
2022-12-02 04:28:58,360:INFO: - Eval metrics : accuracy: 0.084 ; total_loss: 0.000
2022-12-02 04:28:58,749:INFO: 
Epoch 22/200
2022-12-02 04:30:30,939:INFO: - Train metrics: accuracy: 0.141 ; kd_loss: 4.134 ; reg_loss: 5.660 ; loss: 9.794
2022-12-02 04:30:31,145:INFO: Evaluating on validation set
2022-12-02 04:30:36,320:INFO: - Eval metrics : accuracy: 0.088 ; total_loss: 0.000
2022-12-02 04:30:36,670:INFO: 
Epoch 23/200
2022-12-02 04:32:08,936:INFO: - Train metrics: accuracy: 0.147 ; kd_loss: 4.226 ; reg_loss: 5.745 ; loss: 9.971
2022-12-02 04:32:09,142:INFO: Evaluating on validation set
2022-12-02 04:32:14,440:INFO: - Eval metrics : accuracy: 0.084 ; total_loss: 0.000
2022-12-02 04:32:14,803:INFO: 
Epoch 24/200
2022-12-02 04:33:47,044:INFO: - Train metrics: accuracy: 0.103 ; kd_loss: 4.192 ; reg_loss: 4.457 ; loss: 8.649
2022-12-02 04:33:47,250:INFO: Evaluating on validation set
2022-12-02 04:33:52,477:INFO: - Eval metrics : accuracy: 0.107 ; total_loss: 0.000
2022-12-02 04:33:53,150:INFO: - Found new best accuracy
2022-12-02 04:33:53,151:INFO: 
Epoch 25/200
2022-12-02 04:35:25,338:INFO: - Train metrics: accuracy: 0.109 ; kd_loss: 4.203 ; reg_loss: 4.834 ; loss: 9.037
2022-12-02 04:35:25,543:INFO: Evaluating on validation set
2022-12-02 04:35:30,851:INFO: - Eval metrics : accuracy: 0.092 ; total_loss: 0.000
2022-12-02 04:35:31,252:INFO: 
Epoch 26/200
2022-12-02 04:37:03,499:INFO: - Train metrics: accuracy: 0.138 ; kd_loss: 4.015 ; reg_loss: 4.862 ; loss: 8.877
2022-12-02 04:37:03,704:INFO: Evaluating on validation set
2022-12-02 04:37:09,314:INFO: - Eval metrics : accuracy: 0.088 ; total_loss: 0.000
2022-12-02 04:37:09,717:INFO: 
Epoch 27/200
2022-12-02 04:38:41,907:INFO: - Train metrics: accuracy: 0.128 ; kd_loss: 4.105 ; reg_loss: 4.743 ; loss: 8.849
2022-12-02 04:38:42,113:INFO: Evaluating on validation set
2022-12-02 04:38:47,376:INFO: - Eval metrics : accuracy: 0.118 ; total_loss: 0.000
2022-12-02 04:38:48,096:INFO: - Found new best accuracy
2022-12-02 04:38:48,097:INFO: 
Epoch 28/200
2022-12-02 04:40:20,353:INFO: - Train metrics: accuracy: 0.109 ; kd_loss: 4.090 ; reg_loss: 5.032 ; loss: 9.122
2022-12-02 04:40:20,559:INFO: Evaluating on validation set
2022-12-02 04:40:25,784:INFO: - Eval metrics : accuracy: 0.106 ; total_loss: 0.000
2022-12-02 04:40:26,138:INFO: 
Epoch 29/200
2022-12-02 04:41:58,340:INFO: - Train metrics: accuracy: 0.109 ; kd_loss: 4.039 ; reg_loss: 4.111 ; loss: 8.151
2022-12-02 04:41:58,546:INFO: Evaluating on validation set
2022-12-02 04:42:04,065:INFO: - Eval metrics : accuracy: 0.096 ; total_loss: 0.000
2022-12-02 04:42:04,463:INFO: 
Epoch 30/200
2022-12-02 04:43:36,672:INFO: - Train metrics: accuracy: 0.163 ; kd_loss: 3.912 ; reg_loss: 4.690 ; loss: 8.602
2022-12-02 04:43:36,877:INFO: Evaluating on validation set
2022-12-02 04:43:42,108:INFO: - Eval metrics : accuracy: 0.107 ; total_loss: 0.000
2022-12-02 04:43:42,534:INFO: 
Epoch 31/200
2022-12-02 04:45:14,755:INFO: - Train metrics: accuracy: 0.119 ; kd_loss: 3.931 ; reg_loss: 4.329 ; loss: 8.260
2022-12-02 04:45:14,960:INFO: Evaluating on validation set
2022-12-02 04:45:20,134:INFO: - Eval metrics : accuracy: 0.109 ; total_loss: 0.000
2022-12-02 04:45:20,525:INFO: 
Epoch 32/200
2022-12-02 04:46:52,734:INFO: - Train metrics: accuracy: 0.147 ; kd_loss: 3.981 ; reg_loss: 5.264 ; loss: 9.245
2022-12-02 04:46:52,939:INFO: Evaluating on validation set
2022-12-02 04:46:58,179:INFO: - Eval metrics : accuracy: 0.128 ; total_loss: 0.000
2022-12-02 04:46:58,907:INFO: - Found new best accuracy
2022-12-02 04:46:58,908:INFO: 
Epoch 33/200
2022-12-02 04:48:31,164:INFO: - Train metrics: accuracy: 0.134 ; kd_loss: 4.074 ; reg_loss: 4.288 ; loss: 8.361
2022-12-02 04:48:31,369:INFO: Evaluating on validation set
2022-12-02 04:48:36,609:INFO: - Eval metrics : accuracy: 0.137 ; total_loss: 0.000
2022-12-02 04:48:37,333:INFO: - Found new best accuracy
2022-12-02 04:48:37,335:INFO: 
Epoch 34/200
2022-12-02 04:50:09,533:INFO: - Train metrics: accuracy: 0.091 ; kd_loss: 4.008 ; reg_loss: 4.625 ; loss: 8.633
2022-12-02 04:50:09,739:INFO: Evaluating on validation set
2022-12-02 04:50:15,032:INFO: - Eval metrics : accuracy: 0.102 ; total_loss: 0.000
2022-12-02 04:50:15,419:INFO: 
Epoch 35/200
2022-12-02 04:51:47,623:INFO: - Train metrics: accuracy: 0.147 ; kd_loss: 4.008 ; reg_loss: 4.764 ; loss: 8.772
2022-12-02 04:51:47,828:INFO: Evaluating on validation set
2022-12-02 04:51:53,001:INFO: - Eval metrics : accuracy: 0.124 ; total_loss: 0.000
2022-12-02 04:51:53,349:INFO: 
Epoch 36/200
2022-12-02 04:53:25,496:INFO: - Train metrics: accuracy: 0.156 ; kd_loss: 3.803 ; reg_loss: 4.764 ; loss: 8.567
2022-12-02 04:53:25,701:INFO: Evaluating on validation set
2022-12-02 04:53:31,066:INFO: - Eval metrics : accuracy: 0.110 ; total_loss: 0.000
2022-12-02 04:53:31,455:INFO: 
Epoch 37/200
2022-12-02 04:55:03,667:INFO: - Train metrics: accuracy: 0.169 ; kd_loss: 3.866 ; reg_loss: 5.012 ; loss: 8.878
2022-12-02 04:55:03,873:INFO: Evaluating on validation set
2022-12-02 04:55:09,229:INFO: - Eval metrics : accuracy: 0.124 ; total_loss: 0.000
2022-12-02 04:55:09,585:INFO: 
Epoch 38/200
2022-12-02 04:56:41,784:INFO: - Train metrics: accuracy: 0.147 ; kd_loss: 3.716 ; reg_loss: 4.465 ; loss: 8.181
2022-12-02 04:56:41,990:INFO: Evaluating on validation set
2022-12-02 04:56:47,382:INFO: - Eval metrics : accuracy: 0.120 ; total_loss: 0.000
2022-12-02 04:56:47,768:INFO: 
Epoch 39/200
2022-12-02 04:58:20,002:INFO: - Train metrics: accuracy: 0.166 ; kd_loss: 3.568 ; reg_loss: 5.141 ; loss: 8.709
2022-12-02 04:58:20,207:INFO: Evaluating on validation set
2022-12-02 04:58:25,396:INFO: - Eval metrics : accuracy: 0.132 ; total_loss: 0.000
2022-12-02 04:58:25,746:INFO: 
Epoch 40/200
2022-12-02 04:59:57,957:INFO: - Train metrics: accuracy: 0.181 ; kd_loss: 3.741 ; reg_loss: 4.077 ; loss: 7.819
2022-12-02 04:59:58,162:INFO: Evaluating on validation set
2022-12-02 05:00:03,720:INFO: - Eval metrics : accuracy: 0.137 ; total_loss: 0.000
2022-12-02 05:00:04,436:INFO: - Found new best accuracy
2022-12-02 05:00:04,437:INFO: 
Epoch 41/200
2022-12-02 05:01:36,697:INFO: - Train metrics: accuracy: 0.172 ; kd_loss: 3.709 ; reg_loss: 6.085 ; loss: 9.794
2022-12-02 05:01:36,902:INFO: Evaluating on validation set
2022-12-02 05:01:42,105:INFO: - Eval metrics : accuracy: 0.109 ; total_loss: 0.000
2022-12-02 05:01:42,498:INFO: 
Epoch 42/200
2022-12-02 05:03:14,811:INFO: - Train metrics: accuracy: 0.153 ; kd_loss: 3.774 ; reg_loss: 4.880 ; loss: 8.654
2022-12-02 05:03:15,017:INFO: Evaluating on validation set
2022-12-02 05:03:20,358:INFO: - Eval metrics : accuracy: 0.132 ; total_loss: 0.000
2022-12-02 05:03:20,702:INFO: 
Epoch 43/200
2022-12-02 05:04:52,911:INFO: - Train metrics: accuracy: 0.181 ; kd_loss: 3.863 ; reg_loss: 4.330 ; loss: 8.192
2022-12-02 05:04:53,117:INFO: Evaluating on validation set
2022-12-02 05:04:58,316:INFO: - Eval metrics : accuracy: 0.145 ; total_loss: 0.000
2022-12-02 05:04:59,044:INFO: - Found new best accuracy
2022-12-02 05:04:59,045:INFO: 
Epoch 44/200
2022-12-02 05:06:31,239:INFO: - Train metrics: accuracy: 0.191 ; kd_loss: 3.454 ; reg_loss: 4.816 ; loss: 8.269
2022-12-02 05:06:31,445:INFO: Evaluating on validation set
2022-12-02 05:06:36,784:INFO: - Eval metrics : accuracy: 0.124 ; total_loss: 0.000
2022-12-02 05:06:37,146:INFO: 
Epoch 45/200
2022-12-02 05:08:09,332:INFO: - Train metrics: accuracy: 0.222 ; kd_loss: 3.741 ; reg_loss: 4.013 ; loss: 7.755
2022-12-02 05:08:09,538:INFO: Evaluating on validation set
2022-12-02 05:08:15,000:INFO: - Eval metrics : accuracy: 0.133 ; total_loss: 0.000
2022-12-02 05:08:15,398:INFO: 
Epoch 46/200
2022-12-02 05:09:47,577:INFO: - Train metrics: accuracy: 0.222 ; kd_loss: 3.556 ; reg_loss: 4.100 ; loss: 7.656
2022-12-02 05:09:47,783:INFO: Evaluating on validation set
2022-12-02 05:09:53,002:INFO: - Eval metrics : accuracy: 0.160 ; total_loss: 0.000
2022-12-02 05:09:53,731:INFO: - Found new best accuracy
2022-12-02 05:09:53,732:INFO: 
Epoch 47/200
2022-12-02 05:11:25,929:INFO: - Train metrics: accuracy: 0.219 ; kd_loss: 3.653 ; reg_loss: 4.614 ; loss: 8.267
2022-12-02 05:11:26,135:INFO: Evaluating on validation set
2022-12-02 05:11:31,614:INFO: - Eval metrics : accuracy: 0.158 ; total_loss: 0.000
2022-12-02 05:11:31,991:INFO: 
Epoch 48/200
2022-12-02 05:13:04,245:INFO: - Train metrics: accuracy: 0.203 ; kd_loss: 3.749 ; reg_loss: 4.514 ; loss: 8.263
2022-12-02 05:13:04,450:INFO: Evaluating on validation set
2022-12-02 05:13:09,773:INFO: - Eval metrics : accuracy: 0.164 ; total_loss: 0.000
2022-12-02 05:13:10,531:INFO: - Found new best accuracy
2022-12-02 05:13:10,532:INFO: 
Epoch 49/200
2022-12-02 05:14:42,744:INFO: - Train metrics: accuracy: 0.191 ; kd_loss: 3.718 ; reg_loss: 4.761 ; loss: 8.479
2022-12-02 05:14:42,950:INFO: Evaluating on validation set
2022-12-02 05:14:48,127:INFO: - Eval metrics : accuracy: 0.188 ; total_loss: 0.000
2022-12-02 05:14:48,851:INFO: - Found new best accuracy
2022-12-02 05:14:48,852:INFO: 
Epoch 50/200
2022-12-02 05:16:21,073:INFO: - Train metrics: accuracy: 0.156 ; kd_loss: 3.687 ; reg_loss: 5.296 ; loss: 8.983
2022-12-02 05:16:21,278:INFO: Evaluating on validation set
2022-12-02 05:16:26,452:INFO: - Eval metrics : accuracy: 0.156 ; total_loss: 0.000
2022-12-02 05:16:26,830:INFO: 
Epoch 51/200
2022-12-02 05:17:59,042:INFO: - Train metrics: accuracy: 0.253 ; kd_loss: 3.353 ; reg_loss: 5.112 ; loss: 8.465
2022-12-02 05:17:59,248:INFO: Evaluating on validation set
2022-12-02 05:18:04,779:INFO: - Eval metrics : accuracy: 0.154 ; total_loss: 0.000
2022-12-02 05:18:05,156:INFO: 
Epoch 52/200
2022-12-02 05:19:37,385:INFO: - Train metrics: accuracy: 0.194 ; kd_loss: 3.255 ; reg_loss: 4.623 ; loss: 7.878
2022-12-02 05:19:37,590:INFO: Evaluating on validation set
2022-12-02 05:19:42,748:INFO: - Eval metrics : accuracy: 0.167 ; total_loss: 0.000
2022-12-02 05:19:43,143:INFO: 
Epoch 53/200
2022-12-02 05:21:15,366:INFO: - Train metrics: accuracy: 0.225 ; kd_loss: 3.192 ; reg_loss: 5.587 ; loss: 8.779
2022-12-02 05:21:15,571:INFO: Evaluating on validation set
2022-12-02 05:21:20,763:INFO: - Eval metrics : accuracy: 0.163 ; total_loss: 0.000
2022-12-02 05:21:21,116:INFO: 
Epoch 54/200
2022-12-02 05:22:53,299:INFO: - Train metrics: accuracy: 0.209 ; kd_loss: 3.289 ; reg_loss: 4.459 ; loss: 7.749
2022-12-02 05:22:53,505:INFO: Evaluating on validation set
2022-12-02 05:22:58,665:INFO: - Eval metrics : accuracy: 0.174 ; total_loss: 0.000
2022-12-02 05:22:59,058:INFO: 
Epoch 55/200
2022-12-02 05:24:31,240:INFO: - Train metrics: accuracy: 0.225 ; kd_loss: 3.311 ; reg_loss: 5.170 ; loss: 8.481
2022-12-02 05:24:31,445:INFO: Evaluating on validation set
2022-12-02 05:24:36,608:INFO: - Eval metrics : accuracy: 0.179 ; total_loss: 0.000
2022-12-02 05:24:37,006:INFO: 
Epoch 56/200
2022-12-02 05:26:09,191:INFO: - Train metrics: accuracy: 0.266 ; kd_loss: 3.326 ; reg_loss: 5.372 ; loss: 8.698
2022-12-02 05:26:09,396:INFO: Evaluating on validation set
2022-12-02 05:26:14,719:INFO: - Eval metrics : accuracy: 0.162 ; total_loss: 0.000
2022-12-02 05:26:15,070:INFO: 
Epoch 57/200
2022-12-02 05:27:47,281:INFO: - Train metrics: accuracy: 0.241 ; kd_loss: 3.135 ; reg_loss: 4.955 ; loss: 8.090
2022-12-02 05:27:47,487:INFO: Evaluating on validation set
2022-12-02 05:27:52,646:INFO: - Eval metrics : accuracy: 0.181 ; total_loss: 0.000
2022-12-02 05:27:52,998:INFO: 
Epoch 58/200
2022-12-02 05:29:25,199:INFO: - Train metrics: accuracy: 0.275 ; kd_loss: 3.058 ; reg_loss: 4.636 ; loss: 7.694
2022-12-02 05:29:25,405:INFO: Evaluating on validation set
2022-12-02 05:29:30,643:INFO: - Eval metrics : accuracy: 0.178 ; total_loss: 0.000
2022-12-02 05:29:31,033:INFO: 
Epoch 59/200
2022-12-02 05:31:03,288:INFO: - Train metrics: accuracy: 0.284 ; kd_loss: 3.324 ; reg_loss: 4.665 ; loss: 7.990
2022-12-02 05:31:03,494:INFO: Evaluating on validation set
2022-12-02 05:31:08,721:INFO: - Eval metrics : accuracy: 0.175 ; total_loss: 0.000
2022-12-02 05:31:09,120:INFO: 
Epoch 60/200
2022-12-02 05:32:41,359:INFO: - Train metrics: accuracy: 0.272 ; kd_loss: 3.290 ; reg_loss: 6.066 ; loss: 9.356
2022-12-02 05:32:41,564:INFO: Evaluating on validation set
2022-12-02 05:32:46,865:INFO: - Eval metrics : accuracy: 0.182 ; total_loss: 0.000
2022-12-02 05:32:47,215:INFO: 
Epoch 61/200
2022-12-02 05:34:19,447:INFO: - Train metrics: accuracy: 0.259 ; kd_loss: 3.143 ; reg_loss: 4.109 ; loss: 7.252
2022-12-02 05:34:19,653:INFO: Evaluating on validation set
2022-12-02 05:34:24,833:INFO: - Eval metrics : accuracy: 0.190 ; total_loss: 0.000
2022-12-02 05:34:25,558:INFO: - Found new best accuracy
2022-12-02 05:34:25,559:INFO: 
Epoch 62/200
2022-12-02 05:35:57,778:INFO: - Train metrics: accuracy: 0.234 ; kd_loss: 3.101 ; reg_loss: 4.911 ; loss: 8.012
2022-12-02 05:35:57,983:INFO: Evaluating on validation set
2022-12-02 05:36:03,554:INFO: - Eval metrics : accuracy: 0.174 ; total_loss: 0.000
2022-12-02 05:36:03,955:INFO: 
Epoch 63/200
2022-12-02 05:37:36,215:INFO: - Train metrics: accuracy: 0.266 ; kd_loss: 3.125 ; reg_loss: 7.621 ; loss: 10.746
2022-12-02 05:37:36,420:INFO: Evaluating on validation set
2022-12-02 05:37:41,651:INFO: - Eval metrics : accuracy: 0.183 ; total_loss: 0.000
2022-12-02 05:37:42,067:INFO: 
Epoch 64/200
2022-12-02 05:39:14,241:INFO: - Train metrics: accuracy: 0.247 ; kd_loss: 3.136 ; reg_loss: 3.937 ; loss: 7.073
2022-12-02 05:39:14,447:INFO: Evaluating on validation set
2022-12-02 05:39:19,733:INFO: - Eval metrics : accuracy: 0.156 ; total_loss: 0.000
2022-12-02 05:39:20,095:INFO: 
Epoch 65/200
2022-12-02 05:40:52,213:INFO: - Train metrics: accuracy: 0.259 ; kd_loss: 3.164 ; reg_loss: 4.315 ; loss: 7.478
2022-12-02 05:40:52,419:INFO: Evaluating on validation set
2022-12-02 05:40:57,679:INFO: - Eval metrics : accuracy: 0.173 ; total_loss: 0.000
2022-12-02 05:40:58,102:INFO: 
Epoch 66/200
2022-12-02 05:42:30,284:INFO: - Train metrics: accuracy: 0.222 ; kd_loss: 3.026 ; reg_loss: 5.528 ; loss: 8.554
2022-12-02 05:42:30,489:INFO: Evaluating on validation set
2022-12-02 05:42:35,848:INFO: - Eval metrics : accuracy: 0.188 ; total_loss: 0.000
2022-12-02 05:42:36,255:INFO: 
Epoch 67/200
2022-12-02 05:44:08,427:INFO: - Train metrics: accuracy: 0.253 ; kd_loss: 3.037 ; reg_loss: 4.137 ; loss: 7.175
2022-12-02 05:44:08,632:INFO: Evaluating on validation set
2022-12-02 05:44:13,853:INFO: - Eval metrics : accuracy: 0.178 ; total_loss: 0.000
2022-12-02 05:44:14,164:INFO: 
Epoch 68/200
2022-12-02 05:45:46,362:INFO: - Train metrics: accuracy: 0.266 ; kd_loss: 3.009 ; reg_loss: 4.983 ; loss: 7.993
2022-12-02 05:45:46,568:INFO: Evaluating on validation set
2022-12-02 05:45:51,738:INFO: - Eval metrics : accuracy: 0.189 ; total_loss: 0.000
2022-12-02 05:45:52,121:INFO: 
Epoch 69/200
2022-12-02 05:47:24,307:INFO: - Train metrics: accuracy: 0.306 ; kd_loss: 3.136 ; reg_loss: 5.382 ; loss: 8.518
2022-12-02 05:47:24,513:INFO: Evaluating on validation set
2022-12-02 05:47:29,766:INFO: - Eval metrics : accuracy: 0.179 ; total_loss: 0.000
2022-12-02 05:47:30,135:INFO: 
Epoch 70/200
2022-12-02 05:49:02,323:INFO: - Train metrics: accuracy: 0.272 ; kd_loss: 3.025 ; reg_loss: 5.186 ; loss: 8.211
2022-12-02 05:49:02,529:INFO: Evaluating on validation set
2022-12-02 05:49:07,708:INFO: - Eval metrics : accuracy: 0.188 ; total_loss: 0.000
2022-12-02 05:49:08,128:INFO: 
Epoch 71/200
2022-12-02 05:50:40,300:INFO: - Train metrics: accuracy: 0.291 ; kd_loss: 2.897 ; reg_loss: 4.874 ; loss: 7.770
2022-12-02 05:50:40,506:INFO: Evaluating on validation set
2022-12-02 05:50:45,651:INFO: - Eval metrics : accuracy: 0.193 ; total_loss: 0.000
2022-12-02 05:50:46,374:INFO: - Found new best accuracy
2022-12-02 05:50:46,375:INFO: 
Epoch 72/200
2022-12-02 05:52:18,614:INFO: - Train metrics: accuracy: 0.237 ; kd_loss: 3.028 ; reg_loss: 4.645 ; loss: 7.673
2022-12-02 05:52:18,820:INFO: Evaluating on validation set
2022-12-02 05:52:24,030:INFO: - Eval metrics : accuracy: 0.182 ; total_loss: 0.000
2022-12-02 05:52:24,417:INFO: 
Epoch 73/200
2022-12-02 05:53:56,568:INFO: - Train metrics: accuracy: 0.263 ; kd_loss: 3.009 ; reg_loss: 5.521 ; loss: 8.530
2022-12-02 05:53:56,774:INFO: Evaluating on validation set
2022-12-02 05:54:02,356:INFO: - Eval metrics : accuracy: 0.178 ; total_loss: 0.000
2022-12-02 05:54:02,778:INFO: 
Epoch 74/200
2022-12-02 05:55:34,933:INFO: - Train metrics: accuracy: 0.219 ; kd_loss: 3.093 ; reg_loss: 4.943 ; loss: 8.035
2022-12-02 05:55:35,139:INFO: Evaluating on validation set
2022-12-02 05:55:40,444:INFO: - Eval metrics : accuracy: 0.200 ; total_loss: 0.000
2022-12-02 05:55:41,194:INFO: - Found new best accuracy
2022-12-02 05:55:41,195:INFO: 
Epoch 75/200
2022-12-02 05:57:13,370:INFO: - Train metrics: accuracy: 0.300 ; kd_loss: 3.034 ; reg_loss: 4.534 ; loss: 7.568
2022-12-02 05:57:13,576:INFO: Evaluating on validation set
2022-12-02 05:57:18,769:INFO: - Eval metrics : accuracy: 0.183 ; total_loss: 0.000
2022-12-02 05:57:19,114:INFO: 
Epoch 76/200
2022-12-02 05:58:51,291:INFO: - Train metrics: accuracy: 0.303 ; kd_loss: 2.934 ; reg_loss: 4.155 ; loss: 7.089
2022-12-02 05:58:51,496:INFO: Evaluating on validation set
2022-12-02 05:58:56,608:INFO: - Eval metrics : accuracy: 0.194 ; total_loss: 0.000
2022-12-02 05:58:56,986:INFO: 
Epoch 77/200
2022-12-02 06:00:29,160:INFO: - Train metrics: accuracy: 0.269 ; kd_loss: 2.870 ; reg_loss: 5.544 ; loss: 8.414
2022-12-02 06:00:29,365:INFO: Evaluating on validation set
2022-12-02 06:00:34,490:INFO: - Eval metrics : accuracy: 0.200 ; total_loss: 0.000
2022-12-02 06:00:35,206:INFO: - Found new best accuracy
2022-12-02 06:00:35,207:INFO: 
Epoch 78/200
2022-12-02 06:02:07,407:INFO: - Train metrics: accuracy: 0.291 ; kd_loss: 2.882 ; reg_loss: 5.720 ; loss: 8.603
2022-12-02 06:02:07,613:INFO: Evaluating on validation set
2022-12-02 06:02:12,860:INFO: - Eval metrics : accuracy: 0.198 ; total_loss: 0.000
2022-12-02 06:02:13,244:INFO: 
Epoch 79/200
2022-12-02 06:03:45,425:INFO: - Train metrics: accuracy: 0.281 ; kd_loss: 3.056 ; reg_loss: 4.885 ; loss: 7.941
2022-12-02 06:03:45,630:INFO: Evaluating on validation set
2022-12-02 06:03:50,888:INFO: - Eval metrics : accuracy: 0.194 ; total_loss: 0.000
2022-12-02 06:03:51,274:INFO: 
Epoch 80/200
2022-12-02 06:05:23,453:INFO: - Train metrics: accuracy: 0.322 ; kd_loss: 2.902 ; reg_loss: 4.510 ; loss: 7.411
2022-12-02 06:05:23,658:INFO: Evaluating on validation set
2022-12-02 06:05:28,831:INFO: - Eval metrics : accuracy: 0.198 ; total_loss: 0.000
2022-12-02 06:05:29,225:INFO: 
Epoch 81/200
2022-12-02 06:07:01,433:INFO: - Train metrics: accuracy: 0.347 ; kd_loss: 2.911 ; reg_loss: 4.725 ; loss: 7.636
2022-12-02 06:07:01,669:INFO: Evaluating on validation set
2022-12-02 06:07:06,861:INFO: - Eval metrics : accuracy: 0.213 ; total_loss: 0.000
2022-12-02 06:07:07,570:INFO: - Found new best accuracy
2022-12-02 06:07:07,571:INFO: 
Epoch 82/200
2022-12-02 06:08:39,772:INFO: - Train metrics: accuracy: 0.263 ; kd_loss: 3.009 ; reg_loss: 4.733 ; loss: 7.742
2022-12-02 06:08:39,977:INFO: Evaluating on validation set
2022-12-02 06:08:45,176:INFO: - Eval metrics : accuracy: 0.188 ; total_loss: 0.000
2022-12-02 06:08:45,558:INFO: 
Epoch 83/200
2022-12-02 06:10:17,890:INFO: - Train metrics: accuracy: 0.309 ; kd_loss: 2.932 ; reg_loss: 3.887 ; loss: 6.819
2022-12-02 06:10:18,095:INFO: Evaluating on validation set
2022-12-02 06:10:23,400:INFO: - Eval metrics : accuracy: 0.185 ; total_loss: 0.000
2022-12-02 06:10:23,789:INFO: 
Epoch 84/200
2022-12-02 06:11:55,991:INFO: - Train metrics: accuracy: 0.291 ; kd_loss: 3.065 ; reg_loss: 4.535 ; loss: 7.601
2022-12-02 06:11:56,197:INFO: Evaluating on validation set
2022-12-02 06:12:01,404:INFO: - Eval metrics : accuracy: 0.209 ; total_loss: 0.000
2022-12-02 06:12:01,823:INFO: 
Epoch 85/200
2022-12-02 06:13:34,150:INFO: - Train metrics: accuracy: 0.319 ; kd_loss: 2.807 ; reg_loss: 5.117 ; loss: 7.924
2022-12-02 06:13:34,355:INFO: Evaluating on validation set
2022-12-02 06:13:39,652:INFO: - Eval metrics : accuracy: 0.212 ; total_loss: 0.000
2022-12-02 06:13:39,995:INFO: 
Epoch 86/200
2022-12-02 06:15:12,197:INFO: - Train metrics: accuracy: 0.294 ; kd_loss: 2.717 ; reg_loss: 5.845 ; loss: 8.562
2022-12-02 06:15:12,402:INFO: Evaluating on validation set
2022-12-02 06:15:17,682:INFO: - Eval metrics : accuracy: 0.198 ; total_loss: 0.000
2022-12-02 06:15:18,028:INFO: 
Epoch 87/200
2022-12-02 06:16:50,206:INFO: - Train metrics: accuracy: 0.244 ; kd_loss: 2.960 ; reg_loss: 4.823 ; loss: 7.783
2022-12-02 06:16:50,411:INFO: Evaluating on validation set
2022-12-02 06:16:55,540:INFO: - Eval metrics : accuracy: 0.198 ; total_loss: 0.000
2022-12-02 06:16:55,929:INFO: 
Epoch 88/200
2022-12-02 06:18:28,101:INFO: - Train metrics: accuracy: 0.297 ; kd_loss: 2.791 ; reg_loss: 4.876 ; loss: 7.667
2022-12-02 06:18:28,307:INFO: Evaluating on validation set
2022-12-02 06:18:33,602:INFO: - Eval metrics : accuracy: 0.196 ; total_loss: 0.000
2022-12-02 06:18:33,968:INFO: 
Epoch 89/200
2022-12-02 06:20:06,117:INFO: - Train metrics: accuracy: 0.300 ; kd_loss: 2.861 ; reg_loss: 4.290 ; loss: 7.152
2022-12-02 06:20:06,322:INFO: Evaluating on validation set
2022-12-02 06:20:11,593:INFO: - Eval metrics : accuracy: 0.226 ; total_loss: 0.000
2022-12-02 06:20:12,322:INFO: - Found new best accuracy
2022-12-02 06:20:12,323:INFO: 
Epoch 90/200
2022-12-02 06:21:44,473:INFO: - Train metrics: accuracy: 0.341 ; kd_loss: 2.800 ; reg_loss: 4.999 ; loss: 7.799
2022-12-02 06:21:44,678:INFO: Evaluating on validation set
2022-12-02 06:21:49,959:INFO: - Eval metrics : accuracy: 0.220 ; total_loss: 0.000
2022-12-02 06:21:50,366:INFO: 
Epoch 91/200
2022-12-02 06:23:22,532:INFO: - Train metrics: accuracy: 0.306 ; kd_loss: 3.105 ; reg_loss: 4.802 ; loss: 7.908
2022-12-02 06:23:22,737:INFO: Evaluating on validation set
2022-12-02 06:23:27,928:INFO: - Eval metrics : accuracy: 0.212 ; total_loss: 0.000
2022-12-02 06:23:28,314:INFO: 
Epoch 92/200
2022-12-02 06:25:00,511:INFO: - Train metrics: accuracy: 0.322 ; kd_loss: 2.681 ; reg_loss: 5.490 ; loss: 8.172
2022-12-02 06:25:00,717:INFO: Evaluating on validation set
2022-12-02 06:25:06,309:INFO: - Eval metrics : accuracy: 0.215 ; total_loss: 0.000
2022-12-02 06:25:06,656:INFO: 
Epoch 93/200
2022-12-02 06:26:38,872:INFO: - Train metrics: accuracy: 0.263 ; kd_loss: 2.969 ; reg_loss: 4.915 ; loss: 7.883
2022-12-02 06:26:39,077:INFO: Evaluating on validation set
2022-12-02 06:26:44,286:INFO: - Eval metrics : accuracy: 0.220 ; total_loss: 0.000
2022-12-02 06:26:44,709:INFO: 
Epoch 94/200
2022-12-02 06:28:16,896:INFO: - Train metrics: accuracy: 0.322 ; kd_loss: 2.653 ; reg_loss: 4.201 ; loss: 6.854
2022-12-02 06:28:17,101:INFO: Evaluating on validation set
2022-12-02 06:28:22,288:INFO: - Eval metrics : accuracy: 0.219 ; total_loss: 0.000
2022-12-02 06:28:22,674:INFO: 
Epoch 95/200
2022-12-02 06:29:54,920:INFO: - Train metrics: accuracy: 0.284 ; kd_loss: 2.809 ; reg_loss: 5.691 ; loss: 8.499
2022-12-02 06:29:55,126:INFO: Evaluating on validation set
2022-12-02 06:30:00,271:INFO: - Eval metrics : accuracy: 0.198 ; total_loss: 0.000
2022-12-02 06:30:00,668:INFO: 
Epoch 96/200
2022-12-02 06:31:32,894:INFO: - Train metrics: accuracy: 0.278 ; kd_loss: 2.858 ; reg_loss: 4.922 ; loss: 7.780
2022-12-02 06:31:33,100:INFO: Evaluating on validation set
2022-12-02 06:31:38,260:INFO: - Eval metrics : accuracy: 0.219 ; total_loss: 0.000
2022-12-02 06:31:38,647:INFO: 
Epoch 97/200
2022-12-02 06:33:10,890:INFO: - Train metrics: accuracy: 0.322 ; kd_loss: 2.730 ; reg_loss: 4.324 ; loss: 7.054
2022-12-02 06:33:11,096:INFO: Evaluating on validation set
2022-12-02 06:33:16,351:INFO: - Eval metrics : accuracy: 0.235 ; total_loss: 0.000
2022-12-02 06:33:17,067:INFO: - Found new best accuracy
2022-12-02 06:33:17,068:INFO: 
Epoch 98/200
2022-12-02 06:34:49,268:INFO: - Train metrics: accuracy: 0.312 ; kd_loss: 2.728 ; reg_loss: 4.808 ; loss: 7.536
2022-12-02 06:34:49,474:INFO: Evaluating on validation set
2022-12-02 06:34:54,864:INFO: - Eval metrics : accuracy: 0.212 ; total_loss: 0.000
2022-12-02 06:34:55,226:INFO: 
Epoch 99/200
2022-12-02 06:36:27,416:INFO: - Train metrics: accuracy: 0.319 ; kd_loss: 2.709 ; reg_loss: 4.628 ; loss: 7.337
2022-12-02 06:36:27,622:INFO: Evaluating on validation set
2022-12-02 06:36:32,837:INFO: - Eval metrics : accuracy: 0.221 ; total_loss: 0.000
2022-12-02 06:36:33,233:INFO: 
Epoch 100/200
2022-12-02 06:38:05,407:INFO: - Train metrics: accuracy: 0.312 ; kd_loss: 2.798 ; reg_loss: 3.974 ; loss: 6.772
2022-12-02 06:38:05,612:INFO: Evaluating on validation set
2022-12-02 06:38:10,834:INFO: - Eval metrics : accuracy: 0.226 ; total_loss: 0.000
2022-12-02 06:38:11,261:INFO: 
Epoch 101/200
2022-12-02 06:39:43,462:INFO: - Train metrics: accuracy: 0.331 ; kd_loss: 2.764 ; reg_loss: 4.352 ; loss: 7.116
2022-12-02 06:39:43,667:INFO: Evaluating on validation set
2022-12-02 06:39:48,825:INFO: - Eval metrics : accuracy: 0.220 ; total_loss: 0.000
2022-12-02 06:39:49,235:INFO: 
Epoch 102/200
2022-12-02 06:41:21,425:INFO: - Train metrics: accuracy: 0.306 ; kd_loss: 2.682 ; reg_loss: 4.705 ; loss: 7.388
2022-12-02 06:41:21,630:INFO: Evaluating on validation set
2022-12-02 06:41:26,764:INFO: - Eval metrics : accuracy: 0.221 ; total_loss: 0.000
2022-12-02 06:41:27,151:INFO: 
Epoch 103/200
2022-12-02 06:42:59,330:INFO: - Train metrics: accuracy: 0.325 ; kd_loss: 2.744 ; reg_loss: 6.705 ; loss: 9.449
2022-12-02 06:42:59,535:INFO: Evaluating on validation set
2022-12-02 06:43:05,017:INFO: - Eval metrics : accuracy: 0.219 ; total_loss: 0.000
2022-12-02 06:43:05,395:INFO: 
Epoch 104/200
2022-12-02 06:44:37,599:INFO: - Train metrics: accuracy: 0.325 ; kd_loss: 2.731 ; reg_loss: 4.283 ; loss: 7.013
2022-12-02 06:44:37,805:INFO: Evaluating on validation set
2022-12-02 06:44:43,131:INFO: - Eval metrics : accuracy: 0.216 ; total_loss: 0.000
2022-12-02 06:44:43,469:INFO: 
Epoch 105/200
2022-12-02 06:46:15,640:INFO: - Train metrics: accuracy: 0.322 ; kd_loss: 2.717 ; reg_loss: 6.035 ; loss: 8.752
2022-12-02 06:46:15,845:INFO: Evaluating on validation set
2022-12-02 06:46:21,005:INFO: - Eval metrics : accuracy: 0.217 ; total_loss: 0.000
2022-12-02 06:46:21,353:INFO: 
Epoch 106/200
2022-12-02 06:47:53,537:INFO: - Train metrics: accuracy: 0.341 ; kd_loss: 2.702 ; reg_loss: 4.392 ; loss: 7.094
2022-12-02 06:47:53,743:INFO: Evaluating on validation set
2022-12-02 06:47:58,963:INFO: - Eval metrics : accuracy: 0.228 ; total_loss: 0.000
2022-12-02 06:47:59,347:INFO: 
Epoch 107/200
2022-12-02 06:49:31,601:INFO: - Train metrics: accuracy: 0.372 ; kd_loss: 2.836 ; reg_loss: 4.931 ; loss: 7.767
2022-12-02 06:49:31,806:INFO: Evaluating on validation set
2022-12-02 06:49:37,060:INFO: - Eval metrics : accuracy: 0.223 ; total_loss: 0.000
2022-12-02 06:49:37,466:INFO: 
Epoch 108/200
2022-12-02 06:51:09,700:INFO: - Train metrics: accuracy: 0.309 ; kd_loss: 2.674 ; reg_loss: 4.048 ; loss: 6.722
2022-12-02 06:51:09,905:INFO: Evaluating on validation set
2022-12-02 06:51:15,154:INFO: - Eval metrics : accuracy: 0.220 ; total_loss: 0.000
2022-12-02 06:51:15,544:INFO: 
Epoch 109/200
2022-12-02 06:52:47,730:INFO: - Train metrics: accuracy: 0.303 ; kd_loss: 2.787 ; reg_loss: 4.216 ; loss: 7.003
2022-12-02 06:52:47,935:INFO: Evaluating on validation set
2022-12-02 06:52:53,130:INFO: - Eval metrics : accuracy: 0.234 ; total_loss: 0.000
2022-12-02 06:52:53,518:INFO: 
Epoch 110/200
2022-12-02 06:54:25,763:INFO: - Train metrics: accuracy: 0.347 ; kd_loss: 2.812 ; reg_loss: 6.246 ; loss: 9.058
2022-12-02 06:54:25,968:INFO: Evaluating on validation set
2022-12-02 06:54:31,174:INFO: - Eval metrics : accuracy: 0.234 ; total_loss: 0.000
2022-12-02 06:54:31,564:INFO: 
Epoch 111/200
2022-12-02 06:56:03,758:INFO: - Train metrics: accuracy: 0.316 ; kd_loss: 2.674 ; reg_loss: 4.736 ; loss: 7.411
2022-12-02 06:56:03,964:INFO: Evaluating on validation set
2022-12-02 06:56:09,278:INFO: - Eval metrics : accuracy: 0.224 ; total_loss: 0.000
2022-12-02 06:56:09,711:INFO: 
Epoch 112/200
2022-12-02 06:57:41,946:INFO: - Train metrics: accuracy: 0.347 ; kd_loss: 2.699 ; reg_loss: 5.172 ; loss: 7.871
2022-12-02 06:57:42,151:INFO: Evaluating on validation set
2022-12-02 06:57:47,302:INFO: - Eval metrics : accuracy: 0.204 ; total_loss: 0.000
2022-12-02 06:57:47,688:INFO: 
Epoch 113/200
2022-12-02 06:59:19,870:INFO: - Train metrics: accuracy: 0.347 ; kd_loss: 2.631 ; reg_loss: 5.031 ; loss: 7.662
2022-12-02 06:59:20,076:INFO: Evaluating on validation set
2022-12-02 06:59:25,250:INFO: - Eval metrics : accuracy: 0.220 ; total_loss: 0.000
2022-12-02 06:59:25,636:INFO: 
Epoch 114/200
2022-12-02 07:00:57,849:INFO: - Train metrics: accuracy: 0.366 ; kd_loss: 2.531 ; reg_loss: 4.258 ; loss: 6.789
2022-12-02 07:00:58,054:INFO: Evaluating on validation set
2022-12-02 07:01:03,644:INFO: - Eval metrics : accuracy: 0.227 ; total_loss: 0.000
2022-12-02 07:01:03,990:INFO: 
Epoch 115/200
2022-12-02 07:02:36,236:INFO: - Train metrics: accuracy: 0.322 ; kd_loss: 2.591 ; reg_loss: 3.991 ; loss: 6.582
2022-12-02 07:02:36,442:INFO: Evaluating on validation set
2022-12-02 07:02:41,661:INFO: - Eval metrics : accuracy: 0.216 ; total_loss: 0.000
2022-12-02 07:02:42,089:INFO: 
Epoch 116/200
2022-12-02 07:04:14,249:INFO: - Train metrics: accuracy: 0.356 ; kd_loss: 2.581 ; reg_loss: 5.239 ; loss: 7.819
2022-12-02 07:04:14,454:INFO: Evaluating on validation set
2022-12-02 07:04:19,721:INFO: - Eval metrics : accuracy: 0.216 ; total_loss: 0.000
2022-12-02 07:04:20,077:INFO: 
Epoch 117/200
2022-12-02 07:05:52,345:INFO: - Train metrics: accuracy: 0.344 ; kd_loss: 2.671 ; reg_loss: 5.787 ; loss: 8.459
2022-12-02 07:05:52,551:INFO: Evaluating on validation set
2022-12-02 07:05:57,942:INFO: - Eval metrics : accuracy: 0.220 ; total_loss: 0.000
2022-12-02 07:05:58,326:INFO: 
Epoch 118/200
2022-12-02 07:07:30,528:INFO: - Train metrics: accuracy: 0.331 ; kd_loss: 2.735 ; reg_loss: 4.923 ; loss: 7.658
2022-12-02 07:07:30,733:INFO: Evaluating on validation set
2022-12-02 07:07:35,891:INFO: - Eval metrics : accuracy: 0.217 ; total_loss: 0.000
2022-12-02 07:07:36,298:INFO: 
Epoch 119/200
2022-12-02 07:09:08,579:INFO: - Train metrics: accuracy: 0.338 ; kd_loss: 2.640 ; reg_loss: 7.002 ; loss: 9.642
2022-12-02 07:09:08,785:INFO: Evaluating on validation set
2022-12-02 07:09:14,220:INFO: - Eval metrics : accuracy: 0.224 ; total_loss: 0.000
2022-12-02 07:09:14,574:INFO: 
Epoch 120/200
2022-12-02 07:10:46,755:INFO: - Train metrics: accuracy: 0.328 ; kd_loss: 2.732 ; reg_loss: 4.986 ; loss: 7.717
2022-12-02 07:10:46,961:INFO: Evaluating on validation set
2022-12-02 07:10:52,380:INFO: - Eval metrics : accuracy: 0.220 ; total_loss: 0.000
2022-12-02 07:10:52,762:INFO: 
Epoch 121/200
2022-12-02 07:12:24,959:INFO: - Train metrics: accuracy: 0.306 ; kd_loss: 2.610 ; reg_loss: 4.297 ; loss: 6.907
2022-12-02 07:12:25,165:INFO: Evaluating on validation set
2022-12-02 07:12:30,371:INFO: - Eval metrics : accuracy: 0.221 ; total_loss: 0.000
2022-12-02 07:12:30,719:INFO: 
Epoch 122/200
2022-12-02 07:14:02,902:INFO: - Train metrics: accuracy: 0.331 ; kd_loss: 2.716 ; reg_loss: 5.139 ; loss: 7.855
2022-12-02 07:14:03,107:INFO: Evaluating on validation set
2022-12-02 07:14:08,320:INFO: - Eval metrics : accuracy: 0.215 ; total_loss: 0.000
2022-12-02 07:14:08,676:INFO: 
Epoch 123/200
2022-12-02 07:15:40,868:INFO: - Train metrics: accuracy: 0.350 ; kd_loss: 2.680 ; reg_loss: 5.090 ; loss: 7.770
2022-12-02 07:15:41,072:INFO: Evaluating on validation set
2022-12-02 07:15:46,252:INFO: - Eval metrics : accuracy: 0.227 ; total_loss: 0.000
2022-12-02 07:15:46,638:INFO: 
Epoch 124/200
2022-12-02 07:17:18,810:INFO: - Train metrics: accuracy: 0.319 ; kd_loss: 2.721 ; reg_loss: 4.222 ; loss: 6.943
2022-12-02 07:17:19,016:INFO: Evaluating on validation set
2022-12-02 07:17:24,179:INFO: - Eval metrics : accuracy: 0.223 ; total_loss: 0.000
2022-12-02 07:17:24,566:INFO: 
Epoch 125/200
2022-12-02 07:18:56,805:INFO: - Train metrics: accuracy: 0.341 ; kd_loss: 2.543 ; reg_loss: 6.374 ; loss: 8.916
2022-12-02 07:18:57,010:INFO: Evaluating on validation set
2022-12-02 07:19:02,502:INFO: - Eval metrics : accuracy: 0.223 ; total_loss: 0.000
2022-12-02 07:19:02,929:INFO: 
Epoch 126/200
2022-12-02 07:20:35,196:INFO: - Train metrics: accuracy: 0.362 ; kd_loss: 2.697 ; reg_loss: 5.125 ; loss: 7.821
2022-12-02 07:20:35,402:INFO: Evaluating on validation set
2022-12-02 07:20:40,934:INFO: - Eval metrics : accuracy: 0.234 ; total_loss: 0.000
2022-12-02 07:20:41,353:INFO: 
Epoch 127/200
2022-12-02 07:22:13,531:INFO: - Train metrics: accuracy: 0.334 ; kd_loss: 2.658 ; reg_loss: 4.541 ; loss: 7.199
2022-12-02 07:22:13,737:INFO: Evaluating on validation set
2022-12-02 07:22:19,147:INFO: - Eval metrics : accuracy: 0.240 ; total_loss: 0.000
2022-12-02 07:22:19,904:INFO: - Found new best accuracy
2022-12-02 07:22:19,905:INFO: 
Epoch 128/200
2022-12-02 07:23:52,145:INFO: - Train metrics: accuracy: 0.338 ; kd_loss: 2.705 ; reg_loss: 4.540 ; loss: 7.246
2022-12-02 07:23:52,351:INFO: Evaluating on validation set
2022-12-02 07:23:57,564:INFO: - Eval metrics : accuracy: 0.216 ; total_loss: 0.000
2022-12-02 07:23:57,949:INFO: 
Epoch 129/200
2022-12-02 07:25:30,157:INFO: - Train metrics: accuracy: 0.334 ; kd_loss: 2.621 ; reg_loss: 5.095 ; loss: 7.716
2022-12-02 07:25:30,363:INFO: Evaluating on validation set
2022-12-02 07:25:35,790:INFO: - Eval metrics : accuracy: 0.230 ; total_loss: 0.000
2022-12-02 07:25:36,179:INFO: 
Epoch 130/200
2022-12-02 07:27:08,397:INFO: - Train metrics: accuracy: 0.338 ; kd_loss: 2.621 ; reg_loss: 5.267 ; loss: 7.888
2022-12-02 07:27:08,603:INFO: Evaluating on validation set
2022-12-02 07:27:13,795:INFO: - Eval metrics : accuracy: 0.232 ; total_loss: 0.000
2022-12-02 07:27:14,180:INFO: 
Epoch 131/200
2022-12-02 07:28:46,352:INFO: - Train metrics: accuracy: 0.312 ; kd_loss: 2.647 ; reg_loss: 5.173 ; loss: 7.820
2022-12-02 07:28:46,557:INFO: Evaluating on validation set
2022-12-02 07:28:51,758:INFO: - Eval metrics : accuracy: 0.220 ; total_loss: 0.000
2022-12-02 07:28:52,133:INFO: 
Epoch 132/200
2022-12-02 07:30:24,272:INFO: - Train metrics: accuracy: 0.328 ; kd_loss: 2.742 ; reg_loss: 4.437 ; loss: 7.180
2022-12-02 07:30:24,479:INFO: Evaluating on validation set
2022-12-02 07:30:29,806:INFO: - Eval metrics : accuracy: 0.236 ; total_loss: 0.000
2022-12-02 07:30:30,153:INFO: 
Epoch 133/200
2022-12-02 07:32:02,325:INFO: - Train metrics: accuracy: 0.338 ; kd_loss: 2.622 ; reg_loss: 5.711 ; loss: 8.333
2022-12-02 07:32:02,530:INFO: Evaluating on validation set
2022-12-02 07:32:07,713:INFO: - Eval metrics : accuracy: 0.227 ; total_loss: 0.000
2022-12-02 07:32:08,105:INFO: 
Epoch 134/200
2022-12-02 07:33:40,277:INFO: - Train metrics: accuracy: 0.356 ; kd_loss: 2.774 ; reg_loss: 5.945 ; loss: 8.719
2022-12-02 07:33:40,482:INFO: Evaluating on validation set
2022-12-02 07:33:45,725:INFO: - Eval metrics : accuracy: 0.220 ; total_loss: 0.000
2022-12-02 07:33:46,111:INFO: 
Epoch 135/200
2022-12-02 07:35:18,307:INFO: - Train metrics: accuracy: 0.312 ; kd_loss: 2.882 ; reg_loss: 4.027 ; loss: 6.909
2022-12-02 07:35:18,512:INFO: Evaluating on validation set
2022-12-02 07:35:23,680:INFO: - Eval metrics : accuracy: 0.231 ; total_loss: 0.000
2022-12-02 07:35:24,034:INFO: 
Epoch 136/200
2022-12-02 07:36:56,252:INFO: - Train metrics: accuracy: 0.312 ; kd_loss: 2.717 ; reg_loss: 4.545 ; loss: 7.262
2022-12-02 07:36:56,457:INFO: Evaluating on validation set
2022-12-02 07:37:01,949:INFO: - Eval metrics : accuracy: 0.238 ; total_loss: 0.000
2022-12-02 07:37:02,422:INFO: 
Epoch 137/200
2022-12-02 07:38:34,732:INFO: - Train metrics: accuracy: 0.372 ; kd_loss: 2.645 ; reg_loss: 5.116 ; loss: 7.761
2022-12-02 07:38:34,937:INFO: Evaluating on validation set
2022-12-02 07:38:40,133:INFO: - Eval metrics : accuracy: 0.227 ; total_loss: 0.000
2022-12-02 07:38:40,521:INFO: 
Epoch 138/200
2022-12-02 07:40:12,722:INFO: - Train metrics: accuracy: 0.366 ; kd_loss: 2.566 ; reg_loss: 4.240 ; loss: 6.805
2022-12-02 07:40:12,927:INFO: Evaluating on validation set
2022-12-02 07:40:18,090:INFO: - Eval metrics : accuracy: 0.235 ; total_loss: 0.000
2022-12-02 07:40:18,477:INFO: 
Epoch 139/200
2022-12-02 07:41:50,659:INFO: - Train metrics: accuracy: 0.362 ; kd_loss: 2.475 ; reg_loss: 5.106 ; loss: 7.581
2022-12-02 07:41:50,864:INFO: Evaluating on validation set
2022-12-02 07:41:56,135:INFO: - Eval metrics : accuracy: 0.236 ; total_loss: 0.000
2022-12-02 07:41:56,523:INFO: 
Epoch 140/200
2022-12-02 07:43:28,758:INFO: - Train metrics: accuracy: 0.362 ; kd_loss: 2.513 ; reg_loss: 4.910 ; loss: 7.423
2022-12-02 07:43:28,964:INFO: Evaluating on validation set
2022-12-02 07:43:34,171:INFO: - Eval metrics : accuracy: 0.230 ; total_loss: 0.000
2022-12-02 07:43:34,566:INFO: 
Epoch 141/200
2022-12-02 07:45:06,776:INFO: - Train metrics: accuracy: 0.347 ; kd_loss: 2.569 ; reg_loss: 5.002 ; loss: 7.571
2022-12-02 07:45:06,982:INFO: Evaluating on validation set
2022-12-02 07:45:12,197:INFO: - Eval metrics : accuracy: 0.221 ; total_loss: 0.000
2022-12-02 07:45:12,576:INFO: 
Epoch 142/200
2022-12-02 07:46:44,790:INFO: - Train metrics: accuracy: 0.359 ; kd_loss: 2.446 ; reg_loss: 5.339 ; loss: 7.784
2022-12-02 07:46:44,996:INFO: Evaluating on validation set
2022-12-02 07:46:50,357:INFO: - Eval metrics : accuracy: 0.230 ; total_loss: 0.000
2022-12-02 07:46:50,740:INFO: 
Epoch 143/200
2022-12-02 07:48:22,974:INFO: - Train metrics: accuracy: 0.331 ; kd_loss: 2.643 ; reg_loss: 4.949 ; loss: 7.593
2022-12-02 07:48:23,180:INFO: Evaluating on validation set
2022-12-02 07:48:28,600:INFO: - Eval metrics : accuracy: 0.221 ; total_loss: 0.000
2022-12-02 07:48:28,962:INFO: 
Epoch 144/200
2022-12-02 07:50:01,199:INFO: - Train metrics: accuracy: 0.328 ; kd_loss: 2.532 ; reg_loss: 4.894 ; loss: 7.427
2022-12-02 07:50:01,405:INFO: Evaluating on validation set
2022-12-02 07:50:06,904:INFO: - Eval metrics : accuracy: 0.240 ; total_loss: 0.000
2022-12-02 07:50:07,624:INFO: - Found new best accuracy
2022-12-02 07:50:07,625:INFO: 
Epoch 145/200
2022-12-02 07:51:39,838:INFO: - Train metrics: accuracy: 0.344 ; kd_loss: 2.560 ; reg_loss: 4.781 ; loss: 7.341
2022-12-02 07:51:40,043:INFO: Evaluating on validation set
2022-12-02 07:51:45,233:INFO: - Eval metrics : accuracy: 0.250 ; total_loss: 0.000
2022-12-02 07:51:45,948:INFO: - Found new best accuracy
2022-12-02 07:51:45,949:INFO: 
Epoch 146/200
2022-12-02 07:53:18,153:INFO: - Train metrics: accuracy: 0.416 ; kd_loss: 2.589 ; reg_loss: 4.900 ; loss: 7.489
2022-12-02 07:53:18,359:INFO: Evaluating on validation set
2022-12-02 07:53:23,529:INFO: - Eval metrics : accuracy: 0.232 ; total_loss: 0.000
2022-12-02 07:53:23,886:INFO: 
Epoch 147/200
2022-12-02 07:54:56,097:INFO: - Train metrics: accuracy: 0.362 ; kd_loss: 2.647 ; reg_loss: 5.295 ; loss: 7.941
2022-12-02 07:54:56,303:INFO: Evaluating on validation set
2022-12-02 07:55:01,751:INFO: - Eval metrics : accuracy: 0.216 ; total_loss: 0.000
2022-12-02 07:55:02,210:INFO: 
Epoch 148/200
2022-12-02 07:56:34,503:INFO: - Train metrics: accuracy: 0.328 ; kd_loss: 2.638 ; reg_loss: 3.926 ; loss: 6.564
2022-12-02 07:56:34,708:INFO: Evaluating on validation set
2022-12-02 07:56:39,804:INFO: - Eval metrics : accuracy: 0.232 ; total_loss: 0.000
2022-12-02 07:56:40,233:INFO: 
Epoch 149/200
2022-12-02 07:58:12,402:INFO: - Train metrics: accuracy: 0.306 ; kd_loss: 2.655 ; reg_loss: 4.951 ; loss: 7.605
2022-12-02 07:58:12,606:INFO: Evaluating on validation set
2022-12-02 07:58:17,810:INFO: - Eval metrics : accuracy: 0.215 ; total_loss: 0.000
2022-12-02 07:58:18,175:INFO: 
Epoch 150/200
2022-12-02 07:59:50,433:INFO: - Train metrics: accuracy: 0.328 ; kd_loss: 2.509 ; reg_loss: 5.207 ; loss: 7.716
2022-12-02 07:59:50,639:INFO: Evaluating on validation set
2022-12-02 07:59:55,821:INFO: - Eval metrics : accuracy: 0.238 ; total_loss: 0.000
2022-12-02 07:59:56,175:INFO: 
Epoch 151/200
2022-12-02 08:01:28,398:INFO: - Train metrics: accuracy: 0.356 ; kd_loss: 2.544 ; reg_loss: 4.923 ; loss: 7.468
2022-12-02 08:01:28,605:INFO: Evaluating on validation set
2022-12-02 08:01:34,039:INFO: - Eval metrics : accuracy: 0.243 ; total_loss: 0.000
2022-12-02 08:01:34,391:INFO: 
Epoch 152/200
2022-12-02 08:03:06,620:INFO: - Train metrics: accuracy: 0.334 ; kd_loss: 2.512 ; reg_loss: 5.159 ; loss: 7.670
2022-12-02 08:03:06,825:INFO: Evaluating on validation set
2022-12-02 08:03:12,080:INFO: - Eval metrics : accuracy: 0.242 ; total_loss: 0.000
2022-12-02 08:03:12,478:INFO: 
Epoch 153/200
2022-12-02 08:04:44,713:INFO: - Train metrics: accuracy: 0.328 ; kd_loss: 2.577 ; reg_loss: 4.332 ; loss: 6.909
2022-12-02 08:04:44,918:INFO: Evaluating on validation set
2022-12-02 08:04:50,154:INFO: - Eval metrics : accuracy: 0.224 ; total_loss: 0.000
2022-12-02 08:04:50,547:INFO: 
Epoch 154/200
2022-12-02 08:06:22,748:INFO: - Train metrics: accuracy: 0.347 ; kd_loss: 2.628 ; reg_loss: 5.258 ; loss: 7.885
2022-12-02 08:06:22,954:INFO: Evaluating on validation set
2022-12-02 08:06:28,311:INFO: - Eval metrics : accuracy: 0.230 ; total_loss: 0.000
2022-12-02 08:06:28,717:INFO: 
Epoch 155/200
2022-12-02 08:08:00,933:INFO: - Train metrics: accuracy: 0.338 ; kd_loss: 2.392 ; reg_loss: 3.940 ; loss: 6.332
2022-12-02 08:08:01,138:INFO: Evaluating on validation set
2022-12-02 08:08:06,756:INFO: - Eval metrics : accuracy: 0.231 ; total_loss: 0.000
2022-12-02 08:08:07,125:INFO: 
Epoch 156/200
2022-12-02 08:09:39,356:INFO: - Train metrics: accuracy: 0.322 ; kd_loss: 2.641 ; reg_loss: 3.840 ; loss: 6.481
2022-12-02 08:09:39,562:INFO: Evaluating on validation set
2022-12-02 08:09:44,874:INFO: - Eval metrics : accuracy: 0.217 ; total_loss: 0.000
2022-12-02 08:09:45,275:INFO: 
Epoch 157/200
2022-12-02 08:11:17,491:INFO: - Train metrics: accuracy: 0.331 ; kd_loss: 2.588 ; reg_loss: 4.675 ; loss: 7.263
2022-12-02 08:11:17,696:INFO: Evaluating on validation set
2022-12-02 08:11:22,871:INFO: - Eval metrics : accuracy: 0.235 ; total_loss: 0.000
2022-12-02 08:11:23,226:INFO: 
Epoch 158/200
2022-12-02 08:12:55,430:INFO: - Train metrics: accuracy: 0.394 ; kd_loss: 2.594 ; reg_loss: 4.738 ; loss: 7.332
2022-12-02 08:12:55,635:INFO: Evaluating on validation set
2022-12-02 08:13:00,818:INFO: - Eval metrics : accuracy: 0.240 ; total_loss: 0.000
2022-12-02 08:13:01,222:INFO: 
Epoch 159/200
