2022-11-20 01:10:33,581:INFO: Loading the datasets...
2022-11-20 01:10:33,646:INFO: Dataloading done.
2022-11-20 01:11:04,994:INFO: Loading the datasets...
2022-11-20 01:11:05,059:INFO: Dataloading done.
2022-11-20 01:12:09,543:INFO: Loading the datasets...
2022-11-20 01:12:09,607:INFO: Dataloading done.
2022-11-20 01:13:42,208:INFO: Loading the datasets...
2022-11-20 01:13:42,272:INFO: Dataloading done.
2022-11-20 01:16:48,935:INFO: Loading the datasets...
2022-11-20 01:16:49,001:INFO: Dataloading done.
2022-11-20 01:19:08,901:INFO: Loading the datasets...
2022-11-20 01:19:08,965:INFO: Dataloading done.
2022-11-20 01:33:05,154:INFO: Loading the datasets...
2022-11-20 06:03:43,291:INFO: Loading the datasets...
2022-11-20 06:03:43,356:INFO: Dataloading done.
2022-11-20 06:18:35,306:INFO: Loading the datasets...
2022-11-20 06:18:35,366:INFO: Dataloading done.
2022-11-20 06:18:48,919:INFO: Starting training for 50 epoch(s)
2022-11-20 06:18:48,922:INFO: 
Epoch 1/50
