2022-12-01 09:37:12,992:INFO: Loading the datasets...
2022-12-01 09:37:13,145:INFO: Dataloading done.
2022-12-01 09:37:13,274:INFO: Initializing Weights
2022-12-01 09:37:15,390:INFO: Using Distillation
2022-12-01 09:37:15,673:INFO: Initializing Weights
2022-12-01 09:37:15,977:INFO: Experiment - model version: resnet18
2022-12-01 09:37:15,977:INFO: Starting KD training for 200 epoch(s)
2022-12-01 09:37:15,977:INFO: First, loading the teacher model and computing its outputs...
2022-12-01 09:37:15,979:INFO: 
Epoch 1/200
2022-12-01 09:38:28,627:INFO: - Train metrics: accuracy: 0.019 ; kd_loss: 5.169 ; reg_loss: 1.532 ; total_loss: 6.700
2022-12-01 09:38:28,707:INFO: Evaluating on validation set
2022-12-01 09:38:36,562:INFO: - Eval metrics : accuracy: 0.051 ; kd_loss: 6.583 ; reg_loss: 0.000 ; total_loss: 6.583
2022-12-01 09:38:36,829:INFO: - Found new best accuracy
2022-12-01 09:38:36,830:INFO: 
Epoch 2/200
2022-12-01 09:39:50,071:INFO: - Train metrics: accuracy: 0.050 ; kd_loss: 5.454 ; reg_loss: 0.005 ; total_loss: 5.459
2022-12-01 09:39:50,142:INFO: Evaluating on validation set
2022-12-01 09:39:57,875:INFO: - Eval metrics : accuracy: 0.039 ; kd_loss: 6.605 ; reg_loss: 0.000 ; total_loss: 6.605
2022-12-01 09:39:58,328:INFO: 
Epoch 3/200
2022-12-01 09:41:11,442:INFO: - Train metrics: accuracy: 0.022 ; kd_loss: 4.964 ; reg_loss: 0.005 ; total_loss: 4.969
2022-12-01 09:41:11,514:INFO: Evaluating on validation set
2022-12-01 09:41:19,257:INFO: - Eval metrics : accuracy: 0.053 ; kd_loss: 6.443 ; reg_loss: 0.000 ; total_loss: 6.443
2022-12-01 09:41:20,103:INFO: - Found new best accuracy
2022-12-01 09:41:20,104:INFO: 
Epoch 4/200
2022-12-01 09:42:33,337:INFO: - Train metrics: accuracy: 0.053 ; kd_loss: 5.206 ; reg_loss: 0.004 ; total_loss: 5.210
2022-12-01 09:42:33,409:INFO: Evaluating on validation set
2022-12-01 09:42:41,226:INFO: - Eval metrics : accuracy: 0.039 ; kd_loss: 6.583 ; reg_loss: 0.000 ; total_loss: 6.583
2022-12-01 09:42:41,603:INFO: 
Epoch 5/200
2022-12-01 09:43:54,724:INFO: - Train metrics: accuracy: 0.062 ; kd_loss: 5.116 ; reg_loss: 0.004 ; total_loss: 5.121
2022-12-01 09:43:54,796:INFO: Evaluating on validation set
2022-12-01 09:44:02,597:INFO: - Eval metrics : accuracy: 0.052 ; kd_loss: 6.439 ; reg_loss: 0.000 ; total_loss: 6.439
2022-12-01 09:44:03,062:INFO: 
Epoch 6/200
